[ 2014-05-07T21:23:41+08:00 ] 0.0.0.0 /huileme/__URL__/notice/check_message
INFO: [ app_begin ] --START--
INFO: ReadHtmlCache Behavior ::run [ RunTime:0.002000s ]
INFO: [ app_begin ] --END-- [ RunTime:0.002000s ]
NOTIC: [8] Undefined variable: group C:\xampp\htdocs\huileme\ThinkPHP\Lib\Core\App.class.php 第 95 行.
ERR: 无法加载模块:_URL__
NOTIC: [2] include(): Filename cannot be empty C:\xampp\htdocs\huileme\ThinkPHP\Common\functions.php 第 52 行.
NOTIC: [2] include(): Failed opening '' for inclusion (include_path='.;C:\xampp\php\PEAR;C:\xampp\htdocs\huileme\ThinkPHP/Extend/Vendor/') C:\xampp\htdocs\huileme\ThinkPHP\Common\functions.php 第 52 行.

[ 2014-05-07T21:24:11+08:00 ] 0.0.0.0 /huileme/__URL__/notice/check_message
INFO: [ app_begin ] --START--
INFO: ReadHtmlCache Behavior ::run [ RunTime:0.002000s ]
INFO: [ app_begin ] --END-- [ RunTime:0.002000s ]
NOTIC: [8] Undefined variable: group C:\xampp\htdocs\huileme\ThinkPHP\Lib\Core\App.class.php 第 95 行.
ERR: 无法加载模块:_URL__
NOTIC: [2] include(): Filename cannot be empty C:\xampp\htdocs\huileme\ThinkPHP\Common\functions.php 第 52 行.
NOTIC: [2] include(): Failed opening '' for inclusion (include_path='.;C:\xampp\php\PEAR;C:\xampp\htdocs\huileme\ThinkPHP/Extend/Vendor/') C:\xampp\htdocs\huileme\ThinkPHP\Common\functions.php 第 52 行.

[ 2014-05-07T21:24:41+08:00 ] 0.0.0.0 /huileme/__URL__/notice/check_message
INFO: [ app_begin ] --START--
INFO: ReadHtmlCache Behavior ::run [ RunTime:0.001000s ]
INFO: [ app_begin ] --END-- [ RunTime:0.002000s ]
NOTIC: [8] Undefined variable: group C:\xampp\htdocs\huileme\ThinkPHP\Lib\Core\App.class.php 第 95 行.
ERR: 无法加载模块:_URL__
NOTIC: [2] include(): Filename cannot be empty C:\xampp\htdocs\huileme\ThinkPHP\Common\functions.php 第 52 行.
NOTIC: [2] include(): Failed opening '' for inclusion (include_path='.;C:\xampp\php\PEAR;C:\xampp\htdocs\huileme\ThinkPHP/Extend/Vendor/') C:\xampp\htdocs\huileme\ThinkPHP\Common\functions.php 第 52 行.

[ 2014-05-07T21:25:11+08:00 ] 0.0.0.0 /huileme/__URL__/notice/check_message
INFO: [ app_begin ] --START--
INFO: ReadHtmlCache Behavior ::run [ RunTime:0.002000s ]
INFO: [ app_begin ] --END-- [ RunTime:0.002000s ]
NOTIC: [8] Undefined variable: group C:\xampp\htdocs\huileme\ThinkPHP\Lib\Core\App.class.php 第 95 行.
ERR: 无法加载模块:_URL__
NOTIC: [2] include(): Filename cannot be empty C:\xampp\htdocs\huileme\ThinkPHP\Common\functions.php 第 52 行.
NOTIC: [2] include(): Failed opening '' for inclusion (include_path='.;C:\xampp\php\PEAR;C:\xampp\htdocs\huileme\ThinkPHP/Extend/Vendor/') C:\xampp\htdocs\huileme\ThinkPHP\Common\functions.php 第 52 行.

[ 2014-05-07T21:25:41+08:00 ] 0.0.0.0 /huileme/__URL__/notice/check_message
INFO: [ app_begin ] --START--
INFO: ReadHtmlCache Behavior ::run [ RunTime:0.003000s ]
INFO: [ app_begin ] --END-- [ RunTime:0.003000s ]
NOTIC: [8] Undefined variable: group C:\xampp\htdocs\huileme\ThinkPHP\Lib\Core\App.class.php 第 95 行.
ERR: 无法加载模块:_URL__
NOTIC: [2] include(): Filename cannot be empty C:\xampp\htdocs\huileme\ThinkPHP\Common\functions.php 第 52 行.
NOTIC: [2] include(): Failed opening '' for inclusion (include_path='.;C:\xampp\php\PEAR;C:\xampp\htdocs\huileme\ThinkPHP/Extend/Vendor/') C:\xampp\htdocs\huileme\ThinkPHP\Common\functions.php 第 52 行.

[ 2014-05-07T21:26:11+08:00 ] 0.0.0.0 /huileme/__URL__/notice/check_message
INFO: [ app_begin ] --START--
INFO: ReadHtmlCache Behavior ::run [ RunTime:0.002000s ]
INFO: [ app_begin ] --END-- [ RunTime:0.002000s ]
NOTIC: [8] Undefined variable: group C:\xampp\htdocs\huileme\ThinkPHP\Lib\Core\App.class.php 第 95 行.
ERR: 无法加载模块:_URL__
NOTIC: [2] include(): Filename cannot be empty C:\xampp\htdocs\huileme\ThinkPHP\Common\functions.php 第 52 行.
NOTIC: [2] include(): Failed opening '' for inclusion (include_path='.;C:\xampp\php\PEAR;C:\xampp\htdocs\huileme\ThinkPHP/Extend/Vendor/') C:\xampp\htdocs\huileme\ThinkPHP\Common\functions.php 第 52 行.

[ 2014-05-07T21:26:41+08:00 ] 0.0.0.0 /huileme/__URL__/notice/check_message
INFO: [ app_begin ] --START--
INFO: ReadHtmlCache Behavior ::run [ RunTime:0.002000s ]
INFO: [ app_begin ] --END-- [ RunTime:0.002000s ]
NOTIC: [8] Undefined variable: group C:\xampp\htdocs\huileme\ThinkPHP\Lib\Core\App.class.php 第 95 行.
ERR: 无法加载模块:_URL__
NOTIC: [2] include(): Filename cannot be empty C:\xampp\htdocs\huileme\ThinkPHP\Common\functions.php 第 52 行.
NOTIC: [2] include(): Failed opening '' for inclusion (include_path='.;C:\xampp\php\PEAR;C:\xampp\htdocs\huileme\ThinkPHP/Extend/Vendor/') C:\xampp\htdocs\huileme\ThinkPHP\Common\functions.php 第 52 行.

[ 2014-05-07T21:27:11+08:00 ] 0.0.0.0 /huileme/__URL__/notice/check_message
INFO: [ app_begin ] --START--
INFO: ReadHtmlCache Behavior ::run [ RunTime:0.001000s ]
INFO: [ app_begin ] --END-- [ RunTime:0.002000s ]
NOTIC: [8] Undefined variable: group C:\xampp\htdocs\huileme\ThinkPHP\Lib\Core\App.class.php 第 95 行.
ERR: 无法加载模块:_URL__
NOTIC: [2] include(): Filename cannot be empty C:\xampp\htdocs\huileme\ThinkPHP\Common\functions.php 第 52 行.
NOTIC: [2] include(): Failed opening '' for inclusion (include_path='.;C:\xampp\php\PEAR;C:\xampp\htdocs\huileme\ThinkPHP/Extend/Vendor/') C:\xampp\htdocs\huileme\ThinkPHP\Common\functions.php 第 52 行.

[ 2014-05-07T21:27:41+08:00 ] 0.0.0.0 /huileme/__URL__/notice/check_message
INFO: [ app_begin ] --START--
INFO: ReadHtmlCache Behavior ::run [ RunTime:0.002000s ]
INFO: [ app_begin ] --END-- [ RunTime:0.002000s ]
NOTIC: [8] Undefined variable: group C:\xampp\htdocs\huileme\ThinkPHP\Lib\Core\App.class.php 第 95 行.
ERR: 无法加载模块:_URL__
NOTIC: [2] include(): Filename cannot be empty C:\xampp\htdocs\huileme\ThinkPHP\Common\functions.php 第 52 行.
NOTIC: [2] include(): Failed opening '' for inclusion (include_path='.;C:\xampp\php\PEAR;C:\xampp\htdocs\huileme\ThinkPHP/Extend/Vendor/') C:\xampp\htdocs\huileme\ThinkPHP\Common\functions.php 第 52 行.

[ 2014-05-07T21:28:11+08:00 ] 0.0.0.0 /huileme/__URL__/notice/check_message
INFO: [ app_begin ] --START--
INFO: ReadHtmlCache Behavior ::run [ RunTime:0.002000s ]
INFO: [ app_begin ] --END-- [ RunTime:0.002000s ]
NOTIC: [8] Undefined variable: group C:\xampp\htdocs\huileme\ThinkPHP\Lib\Core\App.class.php 第 95 行.
ERR: 无法加载模块:_URL__
NOTIC: [2] include(): Filename cannot be empty C:\xampp\htdocs\huileme\ThinkPHP\Common\functions.php 第 52 行.
NOTIC: [2] include(): Failed opening '' for inclusion (include_path='.;C:\xampp\php\PEAR;C:\xampp\htdocs\huileme\ThinkPHP/Extend/Vendor/') C:\xampp\htdocs\huileme\ThinkPHP\Common\functions.php 第 52 行.

[ 2014-05-07T21:28:41+08:00 ] 0.0.0.0 /huileme/__URL__/notice/check_message
INFO: [ app_begin ] --START--
INFO: ReadHtmlCache Behavior ::run [ RunTime:0.002000s ]
INFO: [ app_begin ] --END-- [ RunTime:0.002000s ]
NOTIC: [8] Undefined variable: group C:\xampp\htdocs\huileme\ThinkPHP\Lib\Core\App.class.php 第 95 行.
ERR: 无法加载模块:_URL__
NOTIC: [2] include(): Filename cannot be empty C:\xampp\htdocs\huileme\ThinkPHP\Common\functions.php 第 52 行.
NOTIC: [2] include(): Failed opening '' for inclusion (include_path='.;C:\xampp\php\PEAR;C:\xampp\htdocs\huileme\ThinkPHP/Extend/Vendor/') C:\xampp\htdocs\huileme\ThinkPHP\Common\functions.php 第 52 行.

[ 2014-05-07T21:29:11+08:00 ] 0.0.0.0 /huileme/__URL__/notice/check_message
INFO: [ app_begin ] --START--
INFO: ReadHtmlCache Behavior ::run [ RunTime:0.002000s ]
INFO: [ app_begin ] --END-- [ RunTime:0.002000s ]
NOTIC: [8] Undefined variable: group C:\xampp\htdocs\huileme\ThinkPHP\Lib\Core\App.class.php 第 95 行.
ERR: 无法加载模块:_URL__
NOTIC: [2] include(): Filename cannot be empty C:\xampp\htdocs\huileme\ThinkPHP\Common\functions.php 第 52 行.
NOTIC: [2] include(): Failed opening '' for inclusion (include_path='.;C:\xampp\php\PEAR;C:\xampp\htdocs\huileme\ThinkPHP/Extend/Vendor/') C:\xampp\htdocs\huileme\ThinkPHP\Common\functions.php 第 52 行.

[ 2014-05-07T21:29:41+08:00 ] 0.0.0.0 /huileme/__URL__/notice/check_message
INFO: [ app_begin ] --START--
INFO: ReadHtmlCache Behavior ::run [ RunTime:0.002000s ]
INFO: [ app_begin ] --END-- [ RunTime:0.002000s ]
NOTIC: [8] Undefined variable: group C:\xampp\htdocs\huileme\ThinkPHP\Lib\Core\App.class.php 第 95 行.
ERR: 无法加载模块:_URL__
NOTIC: [2] include(): Filename cannot be empty C:\xampp\htdocs\huileme\ThinkPHP\Common\functions.php 第 52 行.
NOTIC: [2] include(): Failed opening '' for inclusion (include_path='.;C:\xampp\php\PEAR;C:\xampp\htdocs\huileme\ThinkPHP/Extend/Vendor/') C:\xampp\htdocs\huileme\ThinkPHP\Common\functions.php 第 52 行.

[ 2014-05-07T21:29:54+08:00 ] 0.0.0.0 /huileme/__URL__/notice/check_message
INFO: [ app_begin ] --START--
INFO: ReadHtmlCache Behavior ::run [ RunTime:0.002000s ]
INFO: [ app_begin ] --END-- [ RunTime:0.002000s ]
NOTIC: [8] Undefined variable: group C:\xampp\htdocs\huileme\ThinkPHP\Lib\Core\App.class.php 第 95 行.
ERR: 无法加载模块:_URL__
NOTIC: [2] include(): Filename cannot be empty C:\xampp\htdocs\huileme\ThinkPHP\Common\functions.php 第 52 行.
NOTIC: [2] include(): Failed opening '' for inclusion (include_path='.;C:\xampp\php\PEAR;C:\xampp\htdocs\huileme\ThinkPHP/Extend/Vendor/') C:\xampp\htdocs\huileme\ThinkPHP\Common\functions.php 第 52 行.

[ 2014-05-07T21:30:24+08:00 ] 0.0.0.0 /huileme/__URL__/notice/check_message
INFO: [ app_begin ] --START--
INFO: ReadHtmlCache Behavior ::run [ RunTime:0.002001s ]
INFO: [ app_begin ] --END-- [ RunTime:0.002001s ]
NOTIC: [8] Undefined variable: group C:\xampp\htdocs\huileme\ThinkPHP\Lib\Core\App.class.php 第 95 行.
ERR: 无法加载模块:_URL__
NOTIC: [2] include(): Filename cannot be empty C:\xampp\htdocs\huileme\ThinkPHP\Common\functions.php 第 52 行.
NOTIC: [2] include(): Failed opening '' for inclusion (include_path='.;C:\xampp\php\PEAR;C:\xampp\htdocs\huileme\ThinkPHP/Extend/Vendor/') C:\xampp\htdocs\huileme\ThinkPHP\Common\functions.php 第 52 行.

[ 2014-05-07T21:30:54+08:00 ] 0.0.0.0 /huileme/__URL__/notice/check_message
INFO: [ app_begin ] --START--
INFO: ReadHtmlCache Behavior ::run [ RunTime:0.002000s ]
INFO: [ app_begin ] --END-- [ RunTime:0.002000s ]
NOTIC: [8] Undefined variable: group C:\xampp\htdocs\huileme\ThinkPHP\Lib\Core\App.class.php 第 95 行.
ERR: 无法加载模块:_URL__
NOTIC: [2] include(): Filename cannot be empty C:\xampp\htdocs\huileme\ThinkPHP\Common\functions.php 第 52 行.
NOTIC: [2] include(): Failed opening '' for inclusion (include_path='.;C:\xampp\php\PEAR;C:\xampp\htdocs\huileme\ThinkPHP/Extend/Vendor/') C:\xampp\htdocs\huileme\ThinkPHP\Common\functions.php 第 52 行.

[ 2014-05-07T21:31:24+08:00 ] 0.0.0.0 /huileme/__URL__/notice/check_message
INFO: [ app_begin ] --START--
INFO: ReadHtmlCache Behavior ::run [ RunTime:0.002000s ]
INFO: [ app_begin ] --END-- [ RunTime:0.002000s ]
NOTIC: [8] Undefined variable: group C:\xampp\htdocs\huileme\ThinkPHP\Lib\Core\App.class.php 第 95 行.
ERR: 无法加载模块:_URL__
NOTIC: [2] include(): Filename cannot be empty C:\xampp\htdocs\huileme\ThinkPHP\Common\functions.php 第 52 行.
NOTIC: [2] include(): Failed opening '' for inclusion (include_path='.;C:\xampp\php\PEAR;C:\xampp\htdocs\huileme\ThinkPHP/Extend/Vendor/') C:\xampp\htdocs\huileme\ThinkPHP\Common\functions.php 第 52 行.

[ 2014-05-07T21:31:42+08:00 ] 0.0.0.0 /huileme/__URL__/notice/check_message
INFO: [ app_begin ] --START--
INFO: ReadHtmlCache Behavior ::run [ RunTime:0.003000s ]
INFO: [ app_begin ] --END-- [ RunTime:0.003000s ]
NOTIC: [8] Undefined variable: group C:\xampp\htdocs\huileme\ThinkPHP\Lib\Core\App.class.php 第 95 行.
ERR: 无法加载模块:_URL__
NOTIC: [2] include(): Filename cannot be empty C:\xampp\htdocs\huileme\ThinkPHP\Common\functions.php 第 52 行.
NOTIC: [2] include(): Failed opening '' for inclusion (include_path='.;C:\xampp\php\PEAR;C:\xampp\htdocs\huileme\ThinkPHP/Extend/Vendor/') C:\xampp\htdocs\huileme\ThinkPHP\Common\functions.php 第 52 行.

[ 2014-05-07T21:31:46+08:00 ] 0.0.0.0 /huileme/__URL__/notice/check_message
INFO: [ app_begin ] --START--
INFO: ReadHtmlCache Behavior ::run [ RunTime:0.002000s ]
INFO: [ app_begin ] --END-- [ RunTime:0.002000s ]
NOTIC: [8] Undefined variable: group C:\xampp\htdocs\huileme\ThinkPHP\Lib\Core\App.class.php 第 95 行.
ERR: 无法加载模块:_URL__
NOTIC: [2] include(): Filename cannot be empty C:\xampp\htdocs\huileme\ThinkPHP\Common\functions.php 第 52 行.
NOTIC: [2] include(): Failed opening '' for inclusion (include_path='.;C:\xampp\php\PEAR;C:\xampp\htdocs\huileme\ThinkPHP/Extend/Vendor/') C:\xampp\htdocs\huileme\ThinkPHP\Common\functions.php 第 52 行.

[ 2014-05-07T21:32:16+08:00 ] 0.0.0.0 /huileme/__URL__/notice/check_message
INFO: [ app_begin ] --START--
INFO: ReadHtmlCache Behavior ::run [ RunTime:0.002000s ]
INFO: [ app_begin ] --END-- [ RunTime:0.002000s ]
NOTIC: [8] Undefined variable: group C:\xampp\htdocs\huileme\ThinkPHP\Lib\Core\App.class.php 第 95 行.
ERR: 无法加载模块:_URL__
NOTIC: [2] include(): Filename cannot be empty C:\xampp\htdocs\huileme\ThinkPHP\Common\functions.php 第 52 行.
NOTIC: [2] include(): Failed opening '' for inclusion (include_path='.;C:\xampp\php\PEAR;C:\xampp\htdocs\huileme\ThinkPHP/Extend/Vendor/') C:\xampp\htdocs\huileme\ThinkPHP\Common\functions.php 第 52 行.

[ 2014-05-07T21:32:46+08:00 ] 0.0.0.0 /huileme/__URL__/notice/check_message
INFO: [ app_begin ] --START--
INFO: ReadHtmlCache Behavior ::run [ RunTime:0.002000s ]
INFO: [ app_begin ] --END-- [ RunTime:0.002000s ]
NOTIC: [8] Undefined variable: group C:\xampp\htdocs\huileme\ThinkPHP\Lib\Core\App.class.php 第 95 行.
ERR: 无法加载模块:_URL__
NOTIC: [2] include(): Filename cannot be empty C:\xampp\htdocs\huileme\ThinkPHP\Common\functions.php 第 52 行.
NOTIC: [2] include(): Failed opening '' for inclusion (include_path='.;C:\xampp\php\PEAR;C:\xampp\htdocs\huileme\ThinkPHP/Extend/Vendor/') C:\xampp\htdocs\huileme\ThinkPHP\Common\functions.php 第 52 行.

[ 2014-05-07T21:33:08+08:00 ] 0.0.0.0 /huileme/__URL__/notice/check_message
INFO: [ app_begin ] --START--
INFO: ReadHtmlCache Behavior ::run [ RunTime:0.004000s ]
INFO: [ app_begin ] --END-- [ RunTime:0.005000s ]
NOTIC: [8] Undefined variable: group C:\xampp\htdocs\huileme\ThinkPHP\Lib\Core\App.class.php 第 95 行.
ERR: 无法加载模块:_URL__
NOTIC: [2] include(): Filename cannot be empty C:\xampp\htdocs\huileme\ThinkPHP\Common\functions.php 第 52 行.
NOTIC: [2] include(): Failed opening '' for inclusion (include_path='.;C:\xampp\php\PEAR;C:\xampp\htdocs\huileme\ThinkPHP/Extend/Vendor/') C:\xampp\htdocs\huileme\ThinkPHP\Common\functions.php 第 52 行.

[ 2014-05-07T21:33:38+08:00 ] 0.0.0.0 /huileme/__URL__/notice/check_message
INFO: [ app_begin ] --START--
INFO: ReadHtmlCache Behavior ::run [ RunTime:0.002000s ]
INFO: [ app_begin ] --END-- [ RunTime:0.002000s ]
NOTIC: [8] Undefined variable: group C:\xampp\htdocs\huileme\ThinkPHP\Lib\Core\App.class.php 第 95 行.
ERR: 无法加载模块:_URL__
NOTIC: [2] include(): Filename cannot be empty C:\xampp\htdocs\huileme\ThinkPHP\Common\functions.php 第 52 行.
NOTIC: [2] include(): Failed opening '' for inclusion (include_path='.;C:\xampp\php\PEAR;C:\xampp\htdocs\huileme\ThinkPHP/Extend/Vendor/') C:\xampp\htdocs\huileme\ThinkPHP\Common\functions.php 第 52 行.

[ 2014-05-07T21:35:53+08:00 ] 0.0.0.0 /huileme/__URL__/notice/check_message
INFO: [ app_begin ] --START--
INFO: ReadHtmlCache Behavior ::run [ RunTime:0.002000s ]
INFO: [ app_begin ] --END-- [ RunTime:0.002000s ]
NOTIC: [8] Undefined variable: group C:\xampp\htdocs\huileme\ThinkPHP\Lib\Core\App.class.php 第 95 行.
ERR: 无法加载模块:_URL__
NOTIC: [2] include(): Filename cannot be empty C:\xampp\htdocs\huileme\ThinkPHP\Common\functions.php 第 52 行.
NOTIC: [2] include(): Failed opening '' for inclusion (include_path='.;C:\xampp\php\PEAR;C:\xampp\htdocs\huileme\ThinkPHP/Extend/Vendor/') C:\xampp\htdocs\huileme\ThinkPHP\Common\functions.php 第 52 行.

[ 2014-05-07T21:35:57+08:00 ] 0.0.0.0 /huileme/__URL__/notice/check_message
INFO: [ app_begin ] --START--
INFO: ReadHtmlCache Behavior ::run [ RunTime:0.001000s ]
INFO: [ app_begin ] --END-- [ RunTime:0.003001s ]
NOTIC: [8] Undefined variable: group C:\xampp\htdocs\huileme\ThinkPHP\Lib\Core\App.class.php 第 95 行.
ERR: 无法加载模块:_URL__
NOTIC: [2] include(): Filename cannot be empty C:\xampp\htdocs\huileme\ThinkPHP\Common\functions.php 第 52 行.
NOTIC: [2] include(): Failed opening '' for inclusion (include_path='.;C:\xampp\php\PEAR;C:\xampp\htdocs\huileme\ThinkPHP/Extend/Vendor/') C:\xampp\htdocs\huileme\ThinkPHP\Common\functions.php 第 52 行.

[ 2014-05-07T21:35:59+08:00 ] 0.0.0.0 /huileme/register
ERR: 模板不存在[./HLMHome/Tpl/Account/register.html]

[ 2014-05-07T21:37:30+08:00 ] 0.0.0.0 /huileme/__URL__/notice/check_message
INFO: [ app_begin ] --START--
INFO: ReadHtmlCache Behavior ::run [ RunTime:0.002000s ]
INFO: [ app_begin ] --END-- [ RunTime:0.002000s ]
NOTIC: [8] Undefined variable: group C:\xampp\htdocs\huileme\ThinkPHP\Lib\Core\App.class.php 第 95 行.
ERR: 无法加载模块:_URL__
NOTIC: [2] include(): Filename cannot be empty C:\xampp\htdocs\huileme\ThinkPHP\Common\functions.php 第 52 行.
NOTIC: [2] include(): Failed opening '' for inclusion (include_path='.;C:\xampp\php\PEAR;C:\xampp\htdocs\huileme\ThinkPHP/Extend/Vendor/') C:\xampp\htdocs\huileme\ThinkPHP\Common\functions.php 第 52 行.

[ 2014-05-07T21:38:00+08:00 ] 0.0.0.0 /huileme/__URL__/notice/check_message
INFO: [ app_begin ] --START--
INFO: ReadHtmlCache Behavior ::run [ RunTime:0.002000s ]
INFO: [ app_begin ] --END-- [ RunTime:0.002000s ]
NOTIC: [8] Undefined variable: group C:\xampp\htdocs\huileme\ThinkPHP\Lib\Core\App.class.php 第 95 行.
ERR: 无法加载模块:_URL__
NOTIC: [2] include(): Filename cannot be empty C:\xampp\htdocs\huileme\ThinkPHP\Common\functions.php 第 52 行.
NOTIC: [2] include(): Failed opening '' for inclusion (include_path='.;C:\xampp\php\PEAR;C:\xampp\htdocs\huileme\ThinkPHP/Extend/Vendor/') C:\xampp\htdocs\huileme\ThinkPHP\Common\functions.php 第 52 行.

[ 2014-05-07T21:38:30+08:00 ] 0.0.0.0 /huileme/__URL__/notice/check_message
INFO: [ app_begin ] --START--
INFO: ReadHtmlCache Behavior ::run [ RunTime:0.001000s ]
INFO: [ app_begin ] --END-- [ RunTime:0.001000s ]
NOTIC: [8] Undefined variable: group C:\xampp\htdocs\huileme\ThinkPHP\Lib\Core\App.class.php 第 95 行.
ERR: 无法加载模块:_URL__
NOTIC: [2] include(): Filename cannot be empty C:\xampp\htdocs\huileme\ThinkPHP\Common\functions.php 第 52 行.
NOTIC: [2] include(): Failed opening '' for inclusion (include_path='.;C:\xampp\php\PEAR;C:\xampp\htdocs\huileme\ThinkPHP/Extend/Vendor/') C:\xampp\htdocs\huileme\ThinkPHP\Common\functions.php 第 52 行.

[ 2014-05-07T21:39:00+08:00 ] 0.0.0.0 /huileme/__URL__/notice/check_message
INFO: [ app_begin ] --START--
INFO: ReadHtmlCache Behavior ::run [ RunTime:0.002001s ]
INFO: [ app_begin ] --END-- [ RunTime:0.002001s ]
NOTIC: [8] Undefined variable: group C:\xampp\htdocs\huileme\ThinkPHP\Lib\Core\App.class.php 第 95 行.
ERR: 无法加载模块:_URL__
NOTIC: [2] include(): Filename cannot be empty C:\xampp\htdocs\huileme\ThinkPHP\Common\functions.php 第 52 行.
NOTIC: [2] include(): Failed opening '' for inclusion (include_path='.;C:\xampp\php\PEAR;C:\xampp\htdocs\huileme\ThinkPHP/Extend/Vendor/') C:\xampp\htdocs\huileme\ThinkPHP\Common\functions.php 第 52 行.

[ 2014-05-07T21:39:30+08:00 ] 0.0.0.0 /huileme/__URL__/notice/check_message
INFO: [ app_begin ] --START--
INFO: ReadHtmlCache Behavior ::run [ RunTime:0.002001s ]
INFO: [ app_begin ] --END-- [ RunTime:0.002001s ]
NOTIC: [8] Undefined variable: group C:\xampp\htdocs\huileme\ThinkPHP\Lib\Core\App.class.php 第 95 行.
ERR: 无法加载模块:_URL__
NOTIC: [2] include(): Filename cannot be empty C:\xampp\htdocs\huileme\ThinkPHP\Common\functions.php 第 52 行.
NOTIC: [2] include(): Failed opening '' for inclusion (include_path='.;C:\xampp\php\PEAR;C:\xampp\htdocs\huileme\ThinkPHP/Extend/Vendor/') C:\xampp\htdocs\huileme\ThinkPHP\Common\functions.php 第 52 行.

[ 2014-05-07T21:40:00+08:00 ] 0.0.0.0 /huileme/__URL__/notice/check_message
INFO: [ app_begin ] --START--
INFO: ReadHtmlCache Behavior ::run [ RunTime:0.001000s ]
INFO: [ app_begin ] --END-- [ RunTime:0.002001s ]
NOTIC: [8] Undefined variable: group C:\xampp\htdocs\huileme\ThinkPHP\Lib\Core\App.class.php 第 95 行.
ERR: 无法加载模块:_URL__
NOTIC: [2] include(): Filename cannot be empty C:\xampp\htdocs\huileme\ThinkPHP\Common\functions.php 第 52 行.
NOTIC: [2] include(): Failed opening '' for inclusion (include_path='.;C:\xampp\php\PEAR;C:\xampp\htdocs\huileme\ThinkPHP/Extend/Vendor/') C:\xampp\htdocs\huileme\ThinkPHP\Common\functions.php 第 52 行.

[ 2014-05-07T21:40:30+08:00 ] 0.0.0.0 /huileme/__URL__/notice/check_message
INFO: [ app_begin ] --START--
INFO: ReadHtmlCache Behavior ::run [ RunTime:0.002000s ]
INFO: [ app_begin ] --END-- [ RunTime:0.002000s ]
NOTIC: [8] Undefined variable: group C:\xampp\htdocs\huileme\ThinkPHP\Lib\Core\App.class.php 第 95 行.
ERR: 无法加载模块:_URL__
NOTIC: [2] include(): Filename cannot be empty C:\xampp\htdocs\huileme\ThinkPHP\Common\functions.php 第 52 行.
NOTIC: [2] include(): Failed opening '' for inclusion (include_path='.;C:\xampp\php\PEAR;C:\xampp\htdocs\huileme\ThinkPHP/Extend/Vendor/') C:\xampp\htdocs\huileme\ThinkPHP\Common\functions.php 第 52 行.

[ 2014-05-07T21:41:00+08:00 ] 0.0.0.0 /huileme/__URL__/notice/check_message
INFO: [ app_begin ] --START--
INFO: ReadHtmlCache Behavior ::run [ RunTime:0.002001s ]
INFO: [ app_begin ] --END-- [ RunTime:0.002001s ]
NOTIC: [8] Undefined variable: group C:\xampp\htdocs\huileme\ThinkPHP\Lib\Core\App.class.php 第 95 行.
ERR: 无法加载模块:_URL__
NOTIC: [2] include(): Filename cannot be empty C:\xampp\htdocs\huileme\ThinkPHP\Common\functions.php 第 52 行.
NOTIC: [2] include(): Failed opening '' for inclusion (include_path='.;C:\xampp\php\PEAR;C:\xampp\htdocs\huileme\ThinkPHP/Extend/Vendor/') C:\xampp\htdocs\huileme\ThinkPHP\Common\functions.php 第 52 行.

[ 2014-05-07T21:41:30+08:00 ] 0.0.0.0 /huileme/__URL__/notice/check_message
INFO: [ app_begin ] --START--
INFO: ReadHtmlCache Behavior ::run [ RunTime:0.001000s ]
INFO: [ app_begin ] --END-- [ RunTime:0.002000s ]
NOTIC: [8] Undefined variable: group C:\xampp\htdocs\huileme\ThinkPHP\Lib\Core\App.class.php 第 95 行.
ERR: 无法加载模块:_URL__
NOTIC: [2] include(): Filename cannot be empty C:\xampp\htdocs\huileme\ThinkPHP\Common\functions.php 第 52 行.
NOTIC: [2] include(): Failed opening '' for inclusion (include_path='.;C:\xampp\php\PEAR;C:\xampp\htdocs\huileme\ThinkPHP/Extend/Vendor/') C:\xampp\htdocs\huileme\ThinkPHP\Common\functions.php 第 52 行.

[ 2014-05-07T21:41:35+08:00 ] 0.0.0.0 /huileme/__URL__/notice/check_message
INFO: [ app_begin ] --START--
INFO: ReadHtmlCache Behavior ::run [ RunTime:0.002000s ]
INFO: [ app_begin ] --END-- [ RunTime:0.002000s ]
NOTIC: [8] Undefined variable: group C:\xampp\htdocs\huileme\ThinkPHP\Lib\Core\App.class.php 第 95 行.
ERR: 无法加载模块:_URL__
NOTIC: [2] include(): Filename cannot be empty C:\xampp\htdocs\huileme\ThinkPHP\Common\functions.php 第 52 行.
NOTIC: [2] include(): Failed opening '' for inclusion (include_path='.;C:\xampp\php\PEAR;C:\xampp\htdocs\huileme\ThinkPHP/Extend/Vendor/') C:\xampp\htdocs\huileme\ThinkPHP\Common\functions.php 第 52 行.

[ 2014-05-07T21:41:44+08:00 ] 0.0.0.0 /huileme/__URL__/notice/check_message
INFO: [ app_begin ] --START--
INFO: ReadHtmlCache Behavior ::run [ RunTime:0.002000s ]
INFO: [ app_begin ] --END-- [ RunTime:0.003000s ]
NOTIC: [8] Undefined variable: group C:\xampp\htdocs\huileme\ThinkPHP\Lib\Core\App.class.php 第 95 行.
ERR: 无法加载模块:_URL__
NOTIC: [2] include(): Filename cannot be empty C:\xampp\htdocs\huileme\ThinkPHP\Common\functions.php 第 52 行.
NOTIC: [2] include(): Failed opening '' for inclusion (include_path='.;C:\xampp\php\PEAR;C:\xampp\htdocs\huileme\ThinkPHP/Extend/Vendor/') C:\xampp\htdocs\huileme\ThinkPHP\Common\functions.php 第 52 行.

[ 2014-05-07T21:42:12+08:00 ] 0.0.0.0 /huileme/__URL__/notice/check_message
INFO: [ app_begin ] --START--
INFO: ReadHtmlCache Behavior ::run [ RunTime:0.002000s ]
INFO: [ app_begin ] --END-- [ RunTime:0.002000s ]
NOTIC: [8] Undefined variable: group C:\xampp\htdocs\huileme\ThinkPHP\Lib\Core\App.class.php 第 95 行.
ERR: 无法加载模块:_URL__
NOTIC: [2] include(): Filename cannot be empty C:\xampp\htdocs\huileme\ThinkPHP\Common\functions.php 第 52 行.
NOTIC: [2] include(): Failed opening '' for inclusion (include_path='.;C:\xampp\php\PEAR;C:\xampp\htdocs\huileme\ThinkPHP/Extend/Vendor/') C:\xampp\htdocs\huileme\ThinkPHP\Common\functions.php 第 52 行.

[ 2014-05-07T21:42:42+08:00 ] 0.0.0.0 /huileme/__URL__/notice/check_message
INFO: [ app_begin ] --START--
INFO: ReadHtmlCache Behavior ::run [ RunTime:0.002000s ]
INFO: [ app_begin ] --END-- [ RunTime:0.002000s ]
NOTIC: [8] Undefined variable: group C:\xampp\htdocs\huileme\ThinkPHP\Lib\Core\App.class.php 第 95 行.
ERR: 无法加载模块:_URL__
NOTIC: [2] include(): Filename cannot be empty C:\xampp\htdocs\huileme\ThinkPHP\Common\functions.php 第 52 行.
NOTIC: [2] include(): Failed opening '' for inclusion (include_path='.;C:\xampp\php\PEAR;C:\xampp\htdocs\huileme\ThinkPHP/Extend/Vendor/') C:\xampp\htdocs\huileme\ThinkPHP\Common\functions.php 第 52 行.

[ 2014-05-07T21:43:07+08:00 ] 0.0.0.0 /huileme/__URL__/notice/check_message
INFO: [ app_begin ] --START--
INFO: ReadHtmlCache Behavior ::run [ RunTime:0.001000s ]
INFO: [ app_begin ] --END-- [ RunTime:0.001000s ]
NOTIC: [8] Undefined variable: group C:\xampp\htdocs\huileme\ThinkPHP\Lib\Core\App.class.php 第 95 行.
ERR: 无法加载模块:_URL__
NOTIC: [2] include(): Filename cannot be empty C:\xampp\htdocs\huileme\ThinkPHP\Common\functions.php 第 52 行.
NOTIC: [2] include(): Failed opening '' for inclusion (include_path='.;C:\xampp\php\PEAR;C:\xampp\htdocs\huileme\ThinkPHP/Extend/Vendor/') C:\xampp\htdocs\huileme\ThinkPHP\Common\functions.php 第 52 行.

[ 2014-05-07T21:43:08+08:00 ] 0.0.0.0 /huileme/__URL__/notice/check_message
INFO: [ app_begin ] --START--
INFO: ReadHtmlCache Behavior ::run [ RunTime:0.002000s ]
INFO: [ app_begin ] --END-- [ RunTime:0.002000s ]
NOTIC: [8] Undefined variable: group C:\xampp\htdocs\huileme\ThinkPHP\Lib\Core\App.class.php 第 95 行.
ERR: 无法加载模块:_URL__
NOTIC: [2] include(): Filename cannot be empty C:\xampp\htdocs\huileme\ThinkPHP\Common\functions.php 第 52 行.
NOTIC: [2] include(): Failed opening '' for inclusion (include_path='.;C:\xampp\php\PEAR;C:\xampp\htdocs\huileme\ThinkPHP/Extend/Vendor/') C:\xampp\htdocs\huileme\ThinkPHP\Common\functions.php 第 52 行.

[ 2014-05-07T21:43:10+08:00 ] 0.0.0.0 /huileme/__URL__/notice/check_message
INFO: [ app_begin ] --START--
INFO: ReadHtmlCache Behavior ::run [ RunTime:0.001000s ]
INFO: [ app_begin ] --END-- [ RunTime:0.002000s ]
NOTIC: [8] Undefined variable: group C:\xampp\htdocs\huileme\ThinkPHP\Lib\Core\App.class.php 第 95 行.
ERR: 无法加载模块:_URL__
NOTIC: [2] include(): Filename cannot be empty C:\xampp\htdocs\huileme\ThinkPHP\Common\functions.php 第 52 行.
NOTIC: [2] include(): Failed opening '' for inclusion (include_path='.;C:\xampp\php\PEAR;C:\xampp\htdocs\huileme\ThinkPHP/Extend/Vendor/') C:\xampp\htdocs\huileme\ThinkPHP\Common\functions.php 第 52 行.

[ 2014-05-07T21:43:22+08:00 ] 0.0.0.0 /huileme/__URL__/notice/check_message
INFO: [ app_begin ] --START--
INFO: ReadHtmlCache Behavior ::run [ RunTime:0.002000s ]
INFO: [ app_begin ] --END-- [ RunTime:0.002000s ]
NOTIC: [8] Undefined variable: group C:\xampp\htdocs\huileme\ThinkPHP\Lib\Core\App.class.php 第 95 行.
ERR: 无法加载模块:_URL__
NOTIC: [2] include(): Filename cannot be empty C:\xampp\htdocs\huileme\ThinkPHP\Common\functions.php 第 52 行.
NOTIC: [2] include(): Failed opening '' for inclusion (include_path='.;C:\xampp\php\PEAR;C:\xampp\htdocs\huileme\ThinkPHP/Extend/Vendor/') C:\xampp\htdocs\huileme\ThinkPHP\Common\functions.php 第 52 行.

[ 2014-05-07T21:43:24+08:00 ] 0.0.0.0 /huileme/__URL__/notice/check_message
INFO: [ app_begin ] --START--
INFO: ReadHtmlCache Behavior ::run [ RunTime:0.002000s ]
INFO: [ app_begin ] --END-- [ RunTime:0.002000s ]
NOTIC: [8] Undefined variable: group C:\xampp\htdocs\huileme\ThinkPHP\Lib\Core\App.class.php 第 95 行.
ERR: 无法加载模块:_URL__
NOTIC: [2] include(): Filename cannot be empty C:\xampp\htdocs\huileme\ThinkPHP\Common\functions.php 第 52 行.
NOTIC: [2] include(): Failed opening '' for inclusion (include_path='.;C:\xampp\php\PEAR;C:\xampp\htdocs\huileme\ThinkPHP/Extend/Vendor/') C:\xampp\htdocs\huileme\ThinkPHP\Common\functions.php 第 52 行.

[ 2014-05-07T21:43:25+08:00 ] 0.0.0.0 /huileme/__URL__/notice/check_message
INFO: [ app_begin ] --START--
INFO: ReadHtmlCache Behavior ::run [ RunTime:0.001000s ]
INFO: [ app_begin ] --END-- [ RunTime:0.001000s ]
NOTIC: [8] Undefined variable: group C:\xampp\htdocs\huileme\ThinkPHP\Lib\Core\App.class.php 第 95 行.
ERR: 无法加载模块:_URL__
NOTIC: [2] include(): Filename cannot be empty C:\xampp\htdocs\huileme\ThinkPHP\Common\functions.php 第 52 行.
NOTIC: [2] include(): Failed opening '' for inclusion (include_path='.;C:\xampp\php\PEAR;C:\xampp\htdocs\huileme\ThinkPHP/Extend/Vendor/') C:\xampp\htdocs\huileme\ThinkPHP\Common\functions.php 第 52 行.

[ 2014-05-07T21:43:26+08:00 ] 0.0.0.0 /huileme/__URL__/notice/check_message
INFO: [ app_begin ] --START--
INFO: ReadHtmlCache Behavior ::run [ RunTime:0.001001s ]
INFO: [ app_begin ] --END-- [ RunTime:0.001001s ]
NOTIC: [8] Undefined variable: group C:\xampp\htdocs\huileme\ThinkPHP\Lib\Core\App.class.php 第 95 行.
ERR: 无法加载模块:_URL__
NOTIC: [2] include(): Filename cannot be empty C:\xampp\htdocs\huileme\ThinkPHP\Common\functions.php 第 52 行.
NOTIC: [2] include(): Failed opening '' for inclusion (include_path='.;C:\xampp\php\PEAR;C:\xampp\htdocs\huileme\ThinkPHP/Extend/Vendor/') C:\xampp\htdocs\huileme\ThinkPHP\Common\functions.php 第 52 行.

[ 2014-05-07T21:43:27+08:00 ] 0.0.0.0 /huileme/__URL__/notice/check_message
INFO: [ app_begin ] --START--
INFO: ReadHtmlCache Behavior ::run [ RunTime:0.001000s ]
INFO: [ app_begin ] --END-- [ RunTime:0.002000s ]
NOTIC: [8] Undefined variable: group C:\xampp\htdocs\huileme\ThinkPHP\Lib\Core\App.class.php 第 95 行.
ERR: 无法加载模块:_URL__
NOTIC: [2] include(): Filename cannot be empty C:\xampp\htdocs\huileme\ThinkPHP\Common\functions.php 第 52 行.
NOTIC: [2] include(): Failed opening '' for inclusion (include_path='.;C:\xampp\php\PEAR;C:\xampp\htdocs\huileme\ThinkPHP/Extend/Vendor/') C:\xampp\htdocs\huileme\ThinkPHP\Common\functions.php 第 52 行.

[ 2014-05-07T21:43:57+08:00 ] 0.0.0.0 /huileme/__URL__/notice/check_message
INFO: [ app_begin ] --START--
INFO: ReadHtmlCache Behavior ::run [ RunTime:0.002000s ]
INFO: [ app_begin ] --END-- [ RunTime:0.002000s ]
NOTIC: [8] Undefined variable: group C:\xampp\htdocs\huileme\ThinkPHP\Lib\Core\App.class.php 第 95 行.
ERR: 无法加载模块:_URL__
NOTIC: [2] include(): Filename cannot be empty C:\xampp\htdocs\huileme\ThinkPHP\Common\functions.php 第 52 行.
NOTIC: [2] include(): Failed opening '' for inclusion (include_path='.;C:\xampp\php\PEAR;C:\xampp\htdocs\huileme\ThinkPHP/Extend/Vendor/') C:\xampp\htdocs\huileme\ThinkPHP\Common\functions.php 第 52 行.

[ 2014-05-07T21:44:27+08:00 ] 0.0.0.0 /huileme/__URL__/notice/check_message
INFO: [ app_begin ] --START--
INFO: ReadHtmlCache Behavior ::run [ RunTime:0.002000s ]
INFO: [ app_begin ] --END-- [ RunTime:0.002000s ]
NOTIC: [8] Undefined variable: group C:\xampp\htdocs\huileme\ThinkPHP\Lib\Core\App.class.php 第 95 行.
ERR: 无法加载模块:_URL__
NOTIC: [2] include(): Filename cannot be empty C:\xampp\htdocs\huileme\ThinkPHP\Common\functions.php 第 52 行.
NOTIC: [2] include(): Failed opening '' for inclusion (include_path='.;C:\xampp\php\PEAR;C:\xampp\htdocs\huileme\ThinkPHP/Extend/Vendor/') C:\xampp\htdocs\huileme\ThinkPHP\Common\functions.php 第 52 行.

[ 2014-05-07T21:44:57+08:00 ] 0.0.0.0 /huileme/__URL__/notice/check_message
INFO: [ app_begin ] --START--
INFO: ReadHtmlCache Behavior ::run [ RunTime:0.002000s ]
INFO: [ app_begin ] --END-- [ RunTime:0.002000s ]
NOTIC: [8] Undefined variable: group C:\xampp\htdocs\huileme\ThinkPHP\Lib\Core\App.class.php 第 95 行.
ERR: 无法加载模块:_URL__
NOTIC: [2] include(): Filename cannot be empty C:\xampp\htdocs\huileme\ThinkPHP\Common\functions.php 第 52 行.
NOTIC: [2] include(): Failed opening '' for inclusion (include_path='.;C:\xampp\php\PEAR;C:\xampp\htdocs\huileme\ThinkPHP/Extend/Vendor/') C:\xampp\htdocs\huileme\ThinkPHP\Common\functions.php 第 52 行.

[ 2014-05-07T21:45:27+08:00 ] 0.0.0.0 /huileme/__URL__/notice/check_message
INFO: [ app_begin ] --START--
INFO: ReadHtmlCache Behavior ::run [ RunTime:0.004000s ]
INFO: [ app_begin ] --END-- [ RunTime:0.004000s ]
NOTIC: [8] Undefined variable: group C:\xampp\htdocs\huileme\ThinkPHP\Lib\Core\App.class.php 第 95 行.
ERR: 无法加载模块:_URL__
NOTIC: [2] include(): Filename cannot be empty C:\xampp\htdocs\huileme\ThinkPHP\Common\functions.php 第 52 行.
NOTIC: [2] include(): Failed opening '' for inclusion (include_path='.;C:\xampp\php\PEAR;C:\xampp\htdocs\huileme\ThinkPHP/Extend/Vendor/') C:\xampp\htdocs\huileme\ThinkPHP\Common\functions.php 第 52 行.

[ 2014-05-07T21:45:57+08:00 ] 0.0.0.0 /huileme/__URL__/notice/check_message
INFO: [ app_begin ] --START--
INFO: ReadHtmlCache Behavior ::run [ RunTime:0.001000s ]
INFO: [ app_begin ] --END-- [ RunTime:0.002000s ]
NOTIC: [8] Undefined variable: group C:\xampp\htdocs\huileme\ThinkPHP\Lib\Core\App.class.php 第 95 行.
ERR: 无法加载模块:_URL__
NOTIC: [2] include(): Filename cannot be empty C:\xampp\htdocs\huileme\ThinkPHP\Common\functions.php 第 52 行.
NOTIC: [2] include(): Failed opening '' for inclusion (include_path='.;C:\xampp\php\PEAR;C:\xampp\htdocs\huileme\ThinkPHP/Extend/Vendor/') C:\xampp\htdocs\huileme\ThinkPHP\Common\functions.php 第 52 行.

[ 2014-05-07T21:46:27+08:00 ] 0.0.0.0 /huileme/__URL__/notice/check_message
INFO: [ app_begin ] --START--
INFO: ReadHtmlCache Behavior ::run [ RunTime:0.001000s ]
INFO: [ app_begin ] --END-- [ RunTime:0.002000s ]
NOTIC: [8] Undefined variable: group C:\xampp\htdocs\huileme\ThinkPHP\Lib\Core\App.class.php 第 95 行.
ERR: 无法加载模块:_URL__
NOTIC: [2] include(): Filename cannot be empty C:\xampp\htdocs\huileme\ThinkPHP\Common\functions.php 第 52 行.
NOTIC: [2] include(): Failed opening '' for inclusion (include_path='.;C:\xampp\php\PEAR;C:\xampp\htdocs\huileme\ThinkPHP/Extend/Vendor/') C:\xampp\htdocs\huileme\ThinkPHP\Common\functions.php 第 52 行.

[ 2014-05-07T21:46:57+08:00 ] 0.0.0.0 /huileme/__URL__/notice/check_message
INFO: [ app_begin ] --START--
INFO: ReadHtmlCache Behavior ::run [ RunTime:0.002000s ]
INFO: [ app_begin ] --END-- [ RunTime:0.002000s ]
NOTIC: [8] Undefined variable: group C:\xampp\htdocs\huileme\ThinkPHP\Lib\Core\App.class.php 第 95 行.
ERR: 无法加载模块:_URL__
NOTIC: [2] include(): Filename cannot be empty C:\xampp\htdocs\huileme\ThinkPHP\Common\functions.php 第 52 行.
NOTIC: [2] include(): Failed opening '' for inclusion (include_path='.;C:\xampp\php\PEAR;C:\xampp\htdocs\huileme\ThinkPHP/Extend/Vendor/') C:\xampp\htdocs\huileme\ThinkPHP\Common\functions.php 第 52 行.

[ 2014-05-07T21:47:27+08:00 ] 0.0.0.0 /huileme/__URL__/notice/check_message
INFO: [ app_begin ] --START--
INFO: ReadHtmlCache Behavior ::run [ RunTime:0.001000s ]
INFO: [ app_begin ] --END-- [ RunTime:0.001000s ]
NOTIC: [8] Undefined variable: group C:\xampp\htdocs\huileme\ThinkPHP\Lib\Core\App.class.php 第 95 行.
ERR: 无法加载模块:_URL__
NOTIC: [2] include(): Filename cannot be empty C:\xampp\htdocs\huileme\ThinkPHP\Common\functions.php 第 52 行.
NOTIC: [2] include(): Failed opening '' for inclusion (include_path='.;C:\xampp\php\PEAR;C:\xampp\htdocs\huileme\ThinkPHP/Extend/Vendor/') C:\xampp\htdocs\huileme\ThinkPHP\Common\functions.php 第 52 行.

[ 2014-05-07T21:47:57+08:00 ] 0.0.0.0 /huileme/__URL__/notice/check_message
INFO: [ app_begin ] --START--
INFO: ReadHtmlCache Behavior ::run [ RunTime:0.002000s ]
INFO: [ app_begin ] --END-- [ RunTime:0.002000s ]
NOTIC: [8] Undefined variable: group C:\xampp\htdocs\huileme\ThinkPHP\Lib\Core\App.class.php 第 95 行.
ERR: 无法加载模块:_URL__
NOTIC: [2] include(): Filename cannot be empty C:\xampp\htdocs\huileme\ThinkPHP\Common\functions.php 第 52 行.
NOTIC: [2] include(): Failed opening '' for inclusion (include_path='.;C:\xampp\php\PEAR;C:\xampp\htdocs\huileme\ThinkPHP/Extend/Vendor/') C:\xampp\htdocs\huileme\ThinkPHP\Common\functions.php 第 52 行.

[ 2014-05-07T21:48:27+08:00 ] 0.0.0.0 /huileme/__URL__/notice/check_message
INFO: [ app_begin ] --START--
INFO: ReadHtmlCache Behavior ::run [ RunTime:0.002000s ]
INFO: [ app_begin ] --END-- [ RunTime:0.002000s ]
NOTIC: [8] Undefined variable: group C:\xampp\htdocs\huileme\ThinkPHP\Lib\Core\App.class.php 第 95 行.
ERR: 无法加载模块:_URL__
NOTIC: [2] include(): Filename cannot be empty C:\xampp\htdocs\huileme\ThinkPHP\Common\functions.php 第 52 行.
NOTIC: [2] include(): Failed opening '' for inclusion (include_path='.;C:\xampp\php\PEAR;C:\xampp\htdocs\huileme\ThinkPHP/Extend/Vendor/') C:\xampp\htdocs\huileme\ThinkPHP\Common\functions.php 第 52 行.

[ 2014-05-07T21:48:57+08:00 ] 0.0.0.0 /huileme/__URL__/notice/check_message
INFO: [ app_begin ] --START--
INFO: ReadHtmlCache Behavior ::run [ RunTime:0.002000s ]
INFO: [ app_begin ] --END-- [ RunTime:0.002000s ]
NOTIC: [8] Undefined variable: group C:\xampp\htdocs\huileme\ThinkPHP\Lib\Core\App.class.php 第 95 行.
ERR: 无法加载模块:_URL__
NOTIC: [2] include(): Filename cannot be empty C:\xampp\htdocs\huileme\ThinkPHP\Common\functions.php 第 52 行.
NOTIC: [2] include(): Failed opening '' for inclusion (include_path='.;C:\xampp\php\PEAR;C:\xampp\htdocs\huileme\ThinkPHP/Extend/Vendor/') C:\xampp\htdocs\huileme\ThinkPHP\Common\functions.php 第 52 行.

[ 2014-05-07T21:49:27+08:00 ] 0.0.0.0 /huileme/__URL__/notice/check_message
INFO: [ app_begin ] --START--
INFO: ReadHtmlCache Behavior ::run [ RunTime:0.002000s ]
INFO: [ app_begin ] --END-- [ RunTime:0.003000s ]
NOTIC: [8] Undefined variable: group C:\xampp\htdocs\huileme\ThinkPHP\Lib\Core\App.class.php 第 95 行.
ERR: 无法加载模块:_URL__
NOTIC: [2] include(): Filename cannot be empty C:\xampp\htdocs\huileme\ThinkPHP\Common\functions.php 第 52 行.
NOTIC: [2] include(): Failed opening '' for inclusion (include_path='.;C:\xampp\php\PEAR;C:\xampp\htdocs\huileme\ThinkPHP/Extend/Vendor/') C:\xampp\htdocs\huileme\ThinkPHP\Common\functions.php 第 52 行.

[ 2014-05-07T21:49:57+08:00 ] 0.0.0.0 /huileme/__URL__/notice/check_message
INFO: [ app_begin ] --START--
INFO: ReadHtmlCache Behavior ::run [ RunTime:0.001000s ]
INFO: [ app_begin ] --END-- [ RunTime:0.002001s ]
NOTIC: [8] Undefined variable: group C:\xampp\htdocs\huileme\ThinkPHP\Lib\Core\App.class.php 第 95 行.
ERR: 无法加载模块:_URL__
NOTIC: [2] include(): Filename cannot be empty C:\xampp\htdocs\huileme\ThinkPHP\Common\functions.php 第 52 行.
NOTIC: [2] include(): Failed opening '' for inclusion (include_path='.;C:\xampp\php\PEAR;C:\xampp\htdocs\huileme\ThinkPHP/Extend/Vendor/') C:\xampp\htdocs\huileme\ThinkPHP\Common\functions.php 第 52 行.

[ 2014-05-07T21:50:27+08:00 ] 0.0.0.0 /huileme/__URL__/notice/check_message
INFO: [ app_begin ] --START--
INFO: ReadHtmlCache Behavior ::run [ RunTime:0.002000s ]
INFO: [ app_begin ] --END-- [ RunTime:0.002000s ]
NOTIC: [8] Undefined variable: group C:\xampp\htdocs\huileme\ThinkPHP\Lib\Core\App.class.php 第 95 行.
ERR: 无法加载模块:_URL__
NOTIC: [2] include(): Filename cannot be empty C:\xampp\htdocs\huileme\ThinkPHP\Common\functions.php 第 52 行.
NOTIC: [2] include(): Failed opening '' for inclusion (include_path='.;C:\xampp\php\PEAR;C:\xampp\htdocs\huileme\ThinkPHP/Extend/Vendor/') C:\xampp\htdocs\huileme\ThinkPHP\Common\functions.php 第 52 行.

[ 2014-05-07T21:50:57+08:00 ] 0.0.0.0 /huileme/__URL__/notice/check_message
INFO: [ app_begin ] --START--
INFO: ReadHtmlCache Behavior ::run [ RunTime:0.001000s ]
INFO: [ app_begin ] --END-- [ RunTime:0.002000s ]
NOTIC: [8] Undefined variable: group C:\xampp\htdocs\huileme\ThinkPHP\Lib\Core\App.class.php 第 95 行.
ERR: 无法加载模块:_URL__
NOTIC: [2] include(): Filename cannot be empty C:\xampp\htdocs\huileme\ThinkPHP\Common\functions.php 第 52 行.
NOTIC: [2] include(): Failed opening '' for inclusion (include_path='.;C:\xampp\php\PEAR;C:\xampp\htdocs\huileme\ThinkPHP/Extend/Vendor/') C:\xampp\htdocs\huileme\ThinkPHP\Common\functions.php 第 52 行.

[ 2014-05-07T21:51:26+08:00 ] 0.0.0.0 /huileme/__URL__/notice/check_message
INFO: [ app_begin ] --START--
INFO: ReadHtmlCache Behavior ::run [ RunTime:0.002000s ]
INFO: [ app_begin ] --END-- [ RunTime:0.003000s ]
NOTIC: [8] Undefined variable: group C:\xampp\htdocs\huileme\ThinkPHP\Lib\Core\App.class.php 第 95 行.
ERR: 无法加载模块:_URL__
NOTIC: [2] include(): Filename cannot be empty C:\xampp\htdocs\huileme\ThinkPHP\Common\functions.php 第 52 行.
NOTIC: [2] include(): Failed opening '' for inclusion (include_path='.;C:\xampp\php\PEAR;C:\xampp\htdocs\huileme\ThinkPHP/Extend/Vendor/') C:\xampp\htdocs\huileme\ThinkPHP\Common\functions.php 第 52 行.

[ 2014-05-07T21:51:49+08:00 ] 0.0.0.0 /huileme/__APP_/account/verifycode
ERR: 无法加载模块:_APP_

[ 2014-05-07T21:51:49+08:00 ] 0.0.0.0 /huileme/__URL__/notice/check_message
INFO: [ app_begin ] --START--
INFO: ReadHtmlCache Behavior ::run [ RunTime:0.002000s ]
INFO: [ app_begin ] --END-- [ RunTime:0.002000s ]
NOTIC: [8] Undefined variable: group C:\xampp\htdocs\huileme\ThinkPHP\Lib\Core\App.class.php 第 95 行.
ERR: 无法加载模块:_URL__
NOTIC: [2] include(): Filename cannot be empty C:\xampp\htdocs\huileme\ThinkPHP\Common\functions.php 第 52 行.
NOTIC: [2] include(): Failed opening '' for inclusion (include_path='.;C:\xampp\php\PEAR;C:\xampp\htdocs\huileme\ThinkPHP/Extend/Vendor/') C:\xampp\htdocs\huileme\ThinkPHP\Common\functions.php 第 52 行.

[ 2014-05-07T21:51:51+08:00 ] 0.0.0.0 /huileme/__APP_/account/verifycode
ERR: 无法加载模块:_APP_

[ 2014-05-07T21:51:52+08:00 ] 0.0.0.0 /huileme/__URL__/notice/check_message
INFO: [ app_begin ] --START--
INFO: ReadHtmlCache Behavior ::run [ RunTime:0.002000s ]
INFO: [ app_begin ] --END-- [ RunTime:0.002000s ]
NOTIC: [8] Undefined variable: group C:\xampp\htdocs\huileme\ThinkPHP\Lib\Core\App.class.php 第 95 行.
ERR: 无法加载模块:_URL__
NOTIC: [2] include(): Filename cannot be empty C:\xampp\htdocs\huileme\ThinkPHP\Common\functions.php 第 52 行.
NOTIC: [2] include(): Failed opening '' for inclusion (include_path='.;C:\xampp\php\PEAR;C:\xampp\htdocs\huileme\ThinkPHP/Extend/Vendor/') C:\xampp\htdocs\huileme\ThinkPHP\Common\functions.php 第 52 行.

[ 2014-05-07T21:52:01+08:00 ] 0.0.0.0 /huileme/__APP_/account/verifycode
ERR: 无法加载模块:_APP_

[ 2014-05-07T21:52:01+08:00 ] 0.0.0.0 /huileme/__URL__/notice/check_message
INFO: [ app_begin ] --START--
INFO: ReadHtmlCache Behavior ::run [ RunTime:0.001000s ]
INFO: [ app_begin ] --END-- [ RunTime:0.001000s ]
NOTIC: [8] Undefined variable: group C:\xampp\htdocs\huileme\ThinkPHP\Lib\Core\App.class.php 第 95 行.
ERR: 无法加载模块:_URL__
NOTIC: [2] include(): Filename cannot be empty C:\xampp\htdocs\huileme\ThinkPHP\Common\functions.php 第 52 行.
NOTIC: [2] include(): Failed opening '' for inclusion (include_path='.;C:\xampp\php\PEAR;C:\xampp\htdocs\huileme\ThinkPHP/Extend/Vendor/') C:\xampp\htdocs\huileme\ThinkPHP\Common\functions.php 第 52 行.

[ 2014-05-07T21:52:31+08:00 ] 0.0.0.0 /huileme/__URL__/notice/check_message
INFO: [ app_begin ] --START--
INFO: ReadHtmlCache Behavior ::run [ RunTime:0.002000s ]
INFO: [ app_begin ] --END-- [ RunTime:0.002000s ]
NOTIC: [8] Undefined variable: group C:\xampp\htdocs\huileme\ThinkPHP\Lib\Core\App.class.php 第 95 行.
ERR: 无法加载模块:_URL__
NOTIC: [2] include(): Filename cannot be empty C:\xampp\htdocs\huileme\ThinkPHP\Common\functions.php 第 52 行.
NOTIC: [2] include(): Failed opening '' for inclusion (include_path='.;C:\xampp\php\PEAR;C:\xampp\htdocs\huileme\ThinkPHP/Extend/Vendor/') C:\xampp\htdocs\huileme\ThinkPHP\Common\functions.php 第 52 行.

[ 2014-05-07T21:53:01+08:00 ] 0.0.0.0 /huileme/__URL__/notice/check_message
INFO: [ app_begin ] --START--
INFO: ReadHtmlCache Behavior ::run [ RunTime:0.002000s ]
INFO: [ app_begin ] --END-- [ RunTime:0.002000s ]
NOTIC: [8] Undefined variable: group C:\xampp\htdocs\huileme\ThinkPHP\Lib\Core\App.class.php 第 95 行.
ERR: 无法加载模块:_URL__
NOTIC: [2] include(): Filename cannot be empty C:\xampp\htdocs\huileme\ThinkPHP\Common\functions.php 第 52 行.
NOTIC: [2] include(): Failed opening '' for inclusion (include_path='.;C:\xampp\php\PEAR;C:\xampp\htdocs\huileme\ThinkPHP/Extend/Vendor/') C:\xampp\htdocs\huileme\ThinkPHP\Common\functions.php 第 52 行.

[ 2014-05-07T21:53:16+08:00 ] 0.0.0.0 /huileme/__APP_/account/verifycode
ERR: 无法加载模块:_APP_

[ 2014-05-07T21:53:16+08:00 ] 0.0.0.0 /huileme/__URL__/notice/check_message
INFO: [ app_begin ] --START--
INFO: ReadHtmlCache Behavior ::run [ RunTime:0.001000s ]
INFO: [ app_begin ] --END-- [ RunTime:0.002000s ]
NOTIC: [8] Undefined variable: group C:\xampp\htdocs\huileme\ThinkPHP\Lib\Core\App.class.php 第 95 行.
ERR: 无法加载模块:_URL__
NOTIC: [2] include(): Filename cannot be empty C:\xampp\htdocs\huileme\ThinkPHP\Common\functions.php 第 52 行.
NOTIC: [2] include(): Failed opening '' for inclusion (include_path='.;C:\xampp\php\PEAR;C:\xampp\htdocs\huileme\ThinkPHP/Extend/Vendor/') C:\xampp\htdocs\huileme\ThinkPHP\Common\functions.php 第 52 行.

[ 2014-05-07T21:53:47+08:00 ] 0.0.0.0 /huileme/__URL__/notice/check_message
INFO: [ app_begin ] --START--
INFO: ReadHtmlCache Behavior ::run [ RunTime:0.002000s ]
INFO: [ app_begin ] --END-- [ RunTime:0.002000s ]
NOTIC: [8] Undefined variable: group C:\xampp\htdocs\huileme\ThinkPHP\Lib\Core\App.class.php 第 95 行.
ERR: 无法加载模块:_URL__
NOTIC: [2] include(): Filename cannot be empty C:\xampp\htdocs\huileme\ThinkPHP\Common\functions.php 第 52 行.
NOTIC: [2] include(): Failed opening '' for inclusion (include_path='.;C:\xampp\php\PEAR;C:\xampp\htdocs\huileme\ThinkPHP/Extend/Vendor/') C:\xampp\htdocs\huileme\ThinkPHP\Common\functions.php 第 52 行.

[ 2014-05-07T21:54:17+08:00 ] 0.0.0.0 /huileme/__URL__/notice/check_message
INFO: [ app_begin ] --START--
INFO: ReadHtmlCache Behavior ::run [ RunTime:0.002000s ]
INFO: [ app_begin ] --END-- [ RunTime:0.003000s ]
NOTIC: [8] Undefined variable: group C:\xampp\htdocs\huileme\ThinkPHP\Lib\Core\App.class.php 第 95 行.
ERR: 无法加载模块:_URL__
NOTIC: [2] include(): Filename cannot be empty C:\xampp\htdocs\huileme\ThinkPHP\Common\functions.php 第 52 行.
NOTIC: [2] include(): Failed opening '' for inclusion (include_path='.;C:\xampp\php\PEAR;C:\xampp\htdocs\huileme\ThinkPHP/Extend/Vendor/') C:\xampp\htdocs\huileme\ThinkPHP\Common\functions.php 第 52 行.

[ 2014-05-07T21:54:19+08:00 ] 0.0.0.0 /huileme/__URL_/account/verifycode
ERR: 无法加载模块:_URL_

[ 2014-05-07T21:54:19+08:00 ] 0.0.0.0 /huileme/__URL__/notice/check_message
INFO: [ app_begin ] --START--
INFO: ReadHtmlCache Behavior ::run [ RunTime:0.001000s ]
INFO: [ app_begin ] --END-- [ RunTime:0.001000s ]
NOTIC: [8] Undefined variable: group C:\xampp\htdocs\huileme\ThinkPHP\Lib\Core\App.class.php 第 95 行.
ERR: 无法加载模块:_URL__
NOTIC: [2] include(): Filename cannot be empty C:\xampp\htdocs\huileme\ThinkPHP\Common\functions.php 第 52 行.
NOTIC: [2] include(): Failed opening '' for inclusion (include_path='.;C:\xampp\php\PEAR;C:\xampp\htdocs\huileme\ThinkPHP/Extend/Vendor/') C:\xampp\htdocs\huileme\ThinkPHP\Common\functions.php 第 52 行.

[ 2014-05-07T21:54:22+08:00 ] 0.0.0.0 /huileme/__URL_/account/verifycode
ERR: 无法加载模块:_URL_

[ 2014-05-07T21:54:22+08:00 ] 0.0.0.0 /huileme/__URL__/notice/check_message
INFO: [ app_begin ] --START--
INFO: ReadHtmlCache Behavior ::run [ RunTime:0.002000s ]
INFO: [ app_begin ] --END-- [ RunTime:0.002000s ]
NOTIC: [8] Undefined variable: group C:\xampp\htdocs\huileme\ThinkPHP\Lib\Core\App.class.php 第 95 行.
ERR: 无法加载模块:_URL__
NOTIC: [2] include(): Filename cannot be empty C:\xampp\htdocs\huileme\ThinkPHP\Common\functions.php 第 52 行.
NOTIC: [2] include(): Failed opening '' for inclusion (include_path='.;C:\xampp\php\PEAR;C:\xampp\htdocs\huileme\ThinkPHP/Extend/Vendor/') C:\xampp\htdocs\huileme\ThinkPHP\Common\functions.php 第 52 行.

[ 2014-05-07T21:54:27+08:00 ] 0.0.0.0 /huileme/__URL_/account/verifycode
ERR: 无法加载模块:_URL_

[ 2014-05-07T21:54:28+08:00 ] 0.0.0.0 /huileme/__URL__/notice/check_message
INFO: [ app_begin ] --START--
INFO: ReadHtmlCache Behavior ::run [ RunTime:0.002000s ]
INFO: [ app_begin ] --END-- [ RunTime:0.002000s ]
NOTIC: [8] Undefined variable: group C:\xampp\htdocs\huileme\ThinkPHP\Lib\Core\App.class.php 第 95 行.
ERR: 无法加载模块:_URL__
NOTIC: [2] include(): Filename cannot be empty C:\xampp\htdocs\huileme\ThinkPHP\Common\functions.php 第 52 行.
NOTIC: [2] include(): Failed opening '' for inclusion (include_path='.;C:\xampp\php\PEAR;C:\xampp\htdocs\huileme\ThinkPHP/Extend/Vendor/') C:\xampp\htdocs\huileme\ThinkPHP\Common\functions.php 第 52 行.

[ 2014-05-07T21:54:58+08:00 ] 0.0.0.0 /huileme/__URL__/notice/check_message
INFO: [ app_begin ] --START--
INFO: ReadHtmlCache Behavior ::run [ RunTime:0.002000s ]
INFO: [ app_begin ] --END-- [ RunTime:0.002000s ]
NOTIC: [8] Undefined variable: group C:\xampp\htdocs\huileme\ThinkPHP\Lib\Core\App.class.php 第 95 行.
ERR: 无法加载模块:_URL__
NOTIC: [2] include(): Filename cannot be empty C:\xampp\htdocs\huileme\ThinkPHP\Common\functions.php 第 52 行.
NOTIC: [2] include(): Failed opening '' for inclusion (include_path='.;C:\xampp\php\PEAR;C:\xampp\htdocs\huileme\ThinkPHP/Extend/Vendor/') C:\xampp\htdocs\huileme\ThinkPHP\Common\functions.php 第 52 行.

[ 2014-05-07T21:55:28+08:00 ] 0.0.0.0 /huileme/__URL__/notice/check_message
INFO: [ app_begin ] --START--
INFO: ReadHtmlCache Behavior ::run [ RunTime:0.001000s ]
INFO: [ app_begin ] --END-- [ RunTime:0.002000s ]
NOTIC: [8] Undefined variable: group C:\xampp\htdocs\huileme\ThinkPHP\Lib\Core\App.class.php 第 95 行.
ERR: 无法加载模块:_URL__
NOTIC: [2] include(): Filename cannot be empty C:\xampp\htdocs\huileme\ThinkPHP\Common\functions.php 第 52 行.
NOTIC: [2] include(): Failed opening '' for inclusion (include_path='.;C:\xampp\php\PEAR;C:\xampp\htdocs\huileme\ThinkPHP/Extend/Vendor/') C:\xampp\htdocs\huileme\ThinkPHP\Common\functions.php 第 52 行.

[ 2014-05-07T21:55:41+08:00 ] 0.0.0.0 /huileme/__URL__/notice/check_message
INFO: [ app_begin ] --START--
INFO: ReadHtmlCache Behavior ::run [ RunTime:0.005001s ]
INFO: [ app_begin ] --END-- [ RunTime:0.005001s ]
NOTIC: [8] Undefined variable: group C:\xampp\htdocs\huileme\ThinkPHP\Lib\Core\App.class.php 第 95 行.
ERR: 无法加载模块:_URL__
NOTIC: [2] include(): Filename cannot be empty C:\xampp\htdocs\huileme\ThinkPHP\Common\functions.php 第 52 行.
NOTIC: [2] include(): Failed opening '' for inclusion (include_path='.;C:\xampp\php\PEAR;C:\xampp\htdocs\huileme\ThinkPHP/Extend/Vendor/') C:\xampp\htdocs\huileme\ThinkPHP\Common\functions.php 第 52 行.

[ 2014-05-07T21:56:11+08:00 ] 0.0.0.0 /huileme/__URL__/notice/check_message
INFO: [ app_begin ] --START--
INFO: ReadHtmlCache Behavior ::run [ RunTime:0.002001s ]
INFO: [ app_begin ] --END-- [ RunTime:0.002001s ]
NOTIC: [8] Undefined variable: group C:\xampp\htdocs\huileme\ThinkPHP\Lib\Core\App.class.php 第 95 行.
ERR: 无法加载模块:_URL__
NOTIC: [2] include(): Filename cannot be empty C:\xampp\htdocs\huileme\ThinkPHP\Common\functions.php 第 52 行.
NOTIC: [2] include(): Failed opening '' for inclusion (include_path='.;C:\xampp\php\PEAR;C:\xampp\htdocs\huileme\ThinkPHP/Extend/Vendor/') C:\xampp\htdocs\huileme\ThinkPHP\Common\functions.php 第 52 行.

[ 2014-05-07T21:56:41+08:00 ] 0.0.0.0 /huileme/__URL__/notice/check_message
INFO: [ app_begin ] --START--
INFO: ReadHtmlCache Behavior ::run [ RunTime:0.002000s ]
INFO: [ app_begin ] --END-- [ RunTime:0.002000s ]
NOTIC: [8] Undefined variable: group C:\xampp\htdocs\huileme\ThinkPHP\Lib\Core\App.class.php 第 95 行.
ERR: 无法加载模块:_URL__
NOTIC: [2] include(): Filename cannot be empty C:\xampp\htdocs\huileme\ThinkPHP\Common\functions.php 第 52 行.
NOTIC: [2] include(): Failed opening '' for inclusion (include_path='.;C:\xampp\php\PEAR;C:\xampp\htdocs\huileme\ThinkPHP/Extend/Vendor/') C:\xampp\htdocs\huileme\ThinkPHP\Common\functions.php 第 52 行.

[ 2014-05-07T21:57:01+08:00 ] 0.0.0.0 /huileme/__URL__/notice/check_message
INFO: [ app_begin ] --START--
INFO: ReadHtmlCache Behavior ::run [ RunTime:0.001000s ]
INFO: [ app_begin ] --END-- [ RunTime:0.003000s ]
NOTIC: [8] Undefined variable: group C:\xampp\htdocs\huileme\ThinkPHP\Lib\Core\App.class.php 第 95 行.
ERR: 无法加载模块:_URL__
NOTIC: [2] include(): Filename cannot be empty C:\xampp\htdocs\huileme\ThinkPHP\Common\functions.php 第 52 行.
NOTIC: [2] include(): Failed opening '' for inclusion (include_path='.;C:\xampp\php\PEAR;C:\xampp\htdocs\huileme\ThinkPHP/Extend/Vendor/') C:\xampp\htdocs\huileme\ThinkPHP\Common\functions.php 第 52 行.

[ 2014-05-07T21:57:32+08:00 ] 0.0.0.0 /huileme/__URL__/notice/check_message
INFO: [ app_begin ] --START--
INFO: ReadHtmlCache Behavior ::run [ RunTime:0.001000s ]
INFO: [ app_begin ] --END-- [ RunTime:0.001000s ]
NOTIC: [8] Undefined variable: group C:\xampp\htdocs\huileme\ThinkPHP\Lib\Core\App.class.php 第 95 行.
ERR: 无法加载模块:_URL__
NOTIC: [2] include(): Filename cannot be empty C:\xampp\htdocs\huileme\ThinkPHP\Common\functions.php 第 52 行.
NOTIC: [2] include(): Failed opening '' for inclusion (include_path='.;C:\xampp\php\PEAR;C:\xampp\htdocs\huileme\ThinkPHP/Extend/Vendor/') C:\xampp\htdocs\huileme\ThinkPHP\Common\functions.php 第 52 行.

[ 2014-05-07T21:58:02+08:00 ] 0.0.0.0 /huileme/__URL__/notice/check_message
INFO: [ app_begin ] --START--
INFO: ReadHtmlCache Behavior ::run [ RunTime:0.002000s ]
INFO: [ app_begin ] --END-- [ RunTime:0.002000s ]
NOTIC: [8] Undefined variable: group C:\xampp\htdocs\huileme\ThinkPHP\Lib\Core\App.class.php 第 95 行.
ERR: 无法加载模块:_URL__
NOTIC: [2] include(): Filename cannot be empty C:\xampp\htdocs\huileme\ThinkPHP\Common\functions.php 第 52 行.
NOTIC: [2] include(): Failed opening '' for inclusion (include_path='.;C:\xampp\php\PEAR;C:\xampp\htdocs\huileme\ThinkPHP/Extend/Vendor/') C:\xampp\htdocs\huileme\ThinkPHP\Common\functions.php 第 52 行.

[ 2014-05-07T21:58:32+08:00 ] 0.0.0.0 /huileme/__URL__/notice/check_message
INFO: [ app_begin ] --START--
INFO: ReadHtmlCache Behavior ::run [ RunTime:0.002000s ]
INFO: [ app_begin ] --END-- [ RunTime:0.002000s ]
NOTIC: [8] Undefined variable: group C:\xampp\htdocs\huileme\ThinkPHP\Lib\Core\App.class.php 第 95 行.
ERR: 无法加载模块:_URL__
NOTIC: [2] include(): Filename cannot be empty C:\xampp\htdocs\huileme\ThinkPHP\Common\functions.php 第 52 行.
NOTIC: [2] include(): Failed opening '' for inclusion (include_path='.;C:\xampp\php\PEAR;C:\xampp\htdocs\huileme\ThinkPHP/Extend/Vendor/') C:\xampp\htdocs\huileme\ThinkPHP\Common\functions.php 第 52 行.

[ 2014-05-07T21:59:02+08:00 ] 0.0.0.0 /huileme/__URL__/notice/check_message
INFO: [ app_begin ] --START--
INFO: ReadHtmlCache Behavior ::run [ RunTime:0.002000s ]
INFO: [ app_begin ] --END-- [ RunTime:0.002000s ]
NOTIC: [8] Undefined variable: group C:\xampp\htdocs\huileme\ThinkPHP\Lib\Core\App.class.php 第 95 行.
ERR: 无法加载模块:_URL__
NOTIC: [2] include(): Filename cannot be empty C:\xampp\htdocs\huileme\ThinkPHP\Common\functions.php 第 52 行.
NOTIC: [2] include(): Failed opening '' for inclusion (include_path='.;C:\xampp\php\PEAR;C:\xampp\htdocs\huileme\ThinkPHP/Extend/Vendor/') C:\xampp\htdocs\huileme\ThinkPHP\Common\functions.php 第 52 行.

[ 2014-05-07T21:59:32+08:00 ] 0.0.0.0 /huileme/__URL__/notice/check_message
INFO: [ app_begin ] --START--
INFO: ReadHtmlCache Behavior ::run [ RunTime:0.002001s ]
INFO: [ app_begin ] --END-- [ RunTime:0.002001s ]
NOTIC: [8] Undefined variable: group C:\xampp\htdocs\huileme\ThinkPHP\Lib\Core\App.class.php 第 95 行.
ERR: 无法加载模块:_URL__
NOTIC: [2] include(): Filename cannot be empty C:\xampp\htdocs\huileme\ThinkPHP\Common\functions.php 第 52 行.
NOTIC: [2] include(): Failed opening '' for inclusion (include_path='.;C:\xampp\php\PEAR;C:\xampp\htdocs\huileme\ThinkPHP/Extend/Vendor/') C:\xampp\htdocs\huileme\ThinkPHP\Common\functions.php 第 52 行.

[ 2014-05-07T22:00:02+08:00 ] 0.0.0.0 /huileme/__URL__/notice/check_message
INFO: [ app_begin ] --START--
INFO: ReadHtmlCache Behavior ::run [ RunTime:0.002000s ]
INFO: [ app_begin ] --END-- [ RunTime:0.003000s ]
NOTIC: [8] Undefined variable: group C:\xampp\htdocs\huileme\ThinkPHP\Lib\Core\App.class.php 第 95 行.
ERR: 无法加载模块:_URL__
NOTIC: [2] include(): Filename cannot be empty C:\xampp\htdocs\huileme\ThinkPHP\Common\functions.php 第 52 行.
NOTIC: [2] include(): Failed opening '' for inclusion (include_path='.;C:\xampp\php\PEAR;C:\xampp\htdocs\huileme\ThinkPHP/Extend/Vendor/') C:\xampp\htdocs\huileme\ThinkPHP\Common\functions.php 第 52 行.

[ 2014-05-07T22:00:32+08:00 ] 0.0.0.0 /huileme/__URL__/notice/check_message
INFO: [ app_begin ] --START--
INFO: ReadHtmlCache Behavior ::run [ RunTime:0.002000s ]
INFO: [ app_begin ] --END-- [ RunTime:0.002000s ]
NOTIC: [8] Undefined variable: group C:\xampp\htdocs\huileme\ThinkPHP\Lib\Core\App.class.php 第 95 行.
ERR: 无法加载模块:_URL__
NOTIC: [2] include(): Filename cannot be empty C:\xampp\htdocs\huileme\ThinkPHP\Common\functions.php 第 52 行.
NOTIC: [2] include(): Failed opening '' for inclusion (include_path='.;C:\xampp\php\PEAR;C:\xampp\htdocs\huileme\ThinkPHP/Extend/Vendor/') C:\xampp\htdocs\huileme\ThinkPHP\Common\functions.php 第 52 行.

[ 2014-05-07T22:01:02+08:00 ] 0.0.0.0 /huileme/__URL__/notice/check_message
INFO: [ app_begin ] --START--
INFO: ReadHtmlCache Behavior ::run [ RunTime:0.002000s ]
INFO: [ app_begin ] --END-- [ RunTime:0.002000s ]
NOTIC: [8] Undefined variable: group C:\xampp\htdocs\huileme\ThinkPHP\Lib\Core\App.class.php 第 95 行.
ERR: 无法加载模块:_URL__
NOTIC: [2] include(): Filename cannot be empty C:\xampp\htdocs\huileme\ThinkPHP\Common\functions.php 第 52 行.
NOTIC: [2] include(): Failed opening '' for inclusion (include_path='.;C:\xampp\php\PEAR;C:\xampp\htdocs\huileme\ThinkPHP/Extend/Vendor/') C:\xampp\htdocs\huileme\ThinkPHP\Common\functions.php 第 52 行.

[ 2014-05-07T22:01:32+08:00 ] 0.0.0.0 /huileme/__URL__/notice/check_message
INFO: [ app_begin ] --START--
INFO: ReadHtmlCache Behavior ::run [ RunTime:0.002000s ]
INFO: [ app_begin ] --END-- [ RunTime:0.002000s ]
NOTIC: [8] Undefined variable: group C:\xampp\htdocs\huileme\ThinkPHP\Lib\Core\App.class.php 第 95 行.
ERR: 无法加载模块:_URL__
NOTIC: [2] include(): Filename cannot be empty C:\xampp\htdocs\huileme\ThinkPHP\Common\functions.php 第 52 行.
NOTIC: [2] include(): Failed opening '' for inclusion (include_path='.;C:\xampp\php\PEAR;C:\xampp\htdocs\huileme\ThinkPHP/Extend/Vendor/') C:\xampp\htdocs\huileme\ThinkPHP\Common\functions.php 第 52 行.

[ 2014-05-07T22:02:02+08:00 ] 0.0.0.0 /huileme/__URL__/notice/check_message
INFO: [ app_begin ] --START--
INFO: ReadHtmlCache Behavior ::run [ RunTime:0.002000s ]
INFO: [ app_begin ] --END-- [ RunTime:0.002000s ]
NOTIC: [8] Undefined variable: group C:\xampp\htdocs\huileme\ThinkPHP\Lib\Core\App.class.php 第 95 行.
ERR: 无法加载模块:_URL__
NOTIC: [2] include(): Filename cannot be empty C:\xampp\htdocs\huileme\ThinkPHP\Common\functions.php 第 52 行.
NOTIC: [2] include(): Failed opening '' for inclusion (include_path='.;C:\xampp\php\PEAR;C:\xampp\htdocs\huileme\ThinkPHP/Extend/Vendor/') C:\xampp\htdocs\huileme\ThinkPHP\Common\functions.php 第 52 行.

[ 2014-05-07T22:02:32+08:00 ] 0.0.0.0 /huileme/__URL__/notice/check_message
INFO: [ app_begin ] --START--
INFO: ReadHtmlCache Behavior ::run [ RunTime:0.002000s ]
INFO: [ app_begin ] --END-- [ RunTime:0.002000s ]
NOTIC: [8] Undefined variable: group C:\xampp\htdocs\huileme\ThinkPHP\Lib\Core\App.class.php 第 95 行.
ERR: 无法加载模块:_URL__
NOTIC: [2] include(): Filename cannot be empty C:\xampp\htdocs\huileme\ThinkPHP\Common\functions.php 第 52 行.
NOTIC: [2] include(): Failed opening '' for inclusion (include_path='.;C:\xampp\php\PEAR;C:\xampp\htdocs\huileme\ThinkPHP/Extend/Vendor/') C:\xampp\htdocs\huileme\ThinkPHP\Common\functions.php 第 52 行.

[ 2014-05-07T22:03:02+08:00 ] 0.0.0.0 /huileme/__URL__/notice/check_message
INFO: [ app_begin ] --START--
INFO: ReadHtmlCache Behavior ::run [ RunTime:0.002000s ]
INFO: [ app_begin ] --END-- [ RunTime:0.002000s ]
NOTIC: [8] Undefined variable: group C:\xampp\htdocs\huileme\ThinkPHP\Lib\Core\App.class.php 第 95 行.
ERR: 无法加载模块:_URL__
NOTIC: [2] include(): Filename cannot be empty C:\xampp\htdocs\huileme\ThinkPHP\Common\functions.php 第 52 行.
NOTIC: [2] include(): Failed opening '' for inclusion (include_path='.;C:\xampp\php\PEAR;C:\xampp\htdocs\huileme\ThinkPHP/Extend/Vendor/') C:\xampp\htdocs\huileme\ThinkPHP\Common\functions.php 第 52 行.

[ 2014-05-07T22:03:32+08:00 ] 0.0.0.0 /huileme/__URL__/notice/check_message
INFO: [ app_begin ] --START--
INFO: ReadHtmlCache Behavior ::run [ RunTime:0.002001s ]
INFO: [ app_begin ] --END-- [ RunTime:0.002001s ]
NOTIC: [8] Undefined variable: group C:\xampp\htdocs\huileme\ThinkPHP\Lib\Core\App.class.php 第 95 行.
ERR: 无法加载模块:_URL__
NOTIC: [2] include(): Filename cannot be empty C:\xampp\htdocs\huileme\ThinkPHP\Common\functions.php 第 52 行.
NOTIC: [2] include(): Failed opening '' for inclusion (include_path='.;C:\xampp\php\PEAR;C:\xampp\htdocs\huileme\ThinkPHP/Extend/Vendor/') C:\xampp\htdocs\huileme\ThinkPHP\Common\functions.php 第 52 行.

[ 2014-05-07T22:04:02+08:00 ] 0.0.0.0 /huileme/__URL__/notice/check_message
INFO: [ app_begin ] --START--
INFO: ReadHtmlCache Behavior ::run [ RunTime:0.002000s ]
INFO: [ app_begin ] --END-- [ RunTime:0.002000s ]
NOTIC: [8] Undefined variable: group C:\xampp\htdocs\huileme\ThinkPHP\Lib\Core\App.class.php 第 95 行.
ERR: 无法加载模块:_URL__
NOTIC: [2] include(): Filename cannot be empty C:\xampp\htdocs\huileme\ThinkPHP\Common\functions.php 第 52 行.
NOTIC: [2] include(): Failed opening '' for inclusion (include_path='.;C:\xampp\php\PEAR;C:\xampp\htdocs\huileme\ThinkPHP/Extend/Vendor/') C:\xampp\htdocs\huileme\ThinkPHP\Common\functions.php 第 52 行.

[ 2014-05-07T22:04:32+08:00 ] 0.0.0.0 /huileme/__URL__/notice/check_message
INFO: [ app_begin ] --START--
INFO: ReadHtmlCache Behavior ::run [ RunTime:0.002000s ]
INFO: [ app_begin ] --END-- [ RunTime:0.002000s ]
NOTIC: [8] Undefined variable: group C:\xampp\htdocs\huileme\ThinkPHP\Lib\Core\App.class.php 第 95 行.
ERR: 无法加载模块:_URL__
NOTIC: [2] include(): Filename cannot be empty C:\xampp\htdocs\huileme\ThinkPHP\Common\functions.php 第 52 行.
NOTIC: [2] include(): Failed opening '' for inclusion (include_path='.;C:\xampp\php\PEAR;C:\xampp\htdocs\huileme\ThinkPHP/Extend/Vendor/') C:\xampp\htdocs\huileme\ThinkPHP\Common\functions.php 第 52 行.

[ 2014-05-07T22:05:02+08:00 ] 0.0.0.0 /huileme/__URL__/notice/check_message
INFO: [ app_begin ] --START--
INFO: ReadHtmlCache Behavior ::run [ RunTime:0.002001s ]
INFO: [ app_begin ] --END-- [ RunTime:0.002001s ]
NOTIC: [8] Undefined variable: group C:\xampp\htdocs\huileme\ThinkPHP\Lib\Core\App.class.php 第 95 行.
ERR: 无法加载模块:_URL__
NOTIC: [2] include(): Filename cannot be empty C:\xampp\htdocs\huileme\ThinkPHP\Common\functions.php 第 52 行.
NOTIC: [2] include(): Failed opening '' for inclusion (include_path='.;C:\xampp\php\PEAR;C:\xampp\htdocs\huileme\ThinkPHP/Extend/Vendor/') C:\xampp\htdocs\huileme\ThinkPHP\Common\functions.php 第 52 行.

[ 2014-05-07T22:05:32+08:00 ] 0.0.0.0 /huileme/__URL__/notice/check_message
INFO: [ app_begin ] --START--
INFO: ReadHtmlCache Behavior ::run [ RunTime:0.001000s ]
INFO: [ app_begin ] --END-- [ RunTime:0.001000s ]
NOTIC: [8] Undefined variable: group C:\xampp\htdocs\huileme\ThinkPHP\Lib\Core\App.class.php 第 95 行.
ERR: 无法加载模块:_URL__
NOTIC: [2] include(): Filename cannot be empty C:\xampp\htdocs\huileme\ThinkPHP\Common\functions.php 第 52 行.
NOTIC: [2] include(): Failed opening '' for inclusion (include_path='.;C:\xampp\php\PEAR;C:\xampp\htdocs\huileme\ThinkPHP/Extend/Vendor/') C:\xampp\htdocs\huileme\ThinkPHP\Common\functions.php 第 52 行.

[ 2014-05-07T22:06:02+08:00 ] 0.0.0.0 /huileme/__URL__/notice/check_message
INFO: [ app_begin ] --START--
INFO: ReadHtmlCache Behavior ::run [ RunTime:0.002000s ]
INFO: [ app_begin ] --END-- [ RunTime:0.002000s ]
NOTIC: [8] Undefined variable: group C:\xampp\htdocs\huileme\ThinkPHP\Lib\Core\App.class.php 第 95 行.
ERR: 无法加载模块:_URL__
NOTIC: [2] include(): Filename cannot be empty C:\xampp\htdocs\huileme\ThinkPHP\Common\functions.php 第 52 行.
NOTIC: [2] include(): Failed opening '' for inclusion (include_path='.;C:\xampp\php\PEAR;C:\xampp\htdocs\huileme\ThinkPHP/Extend/Vendor/') C:\xampp\htdocs\huileme\ThinkPHP\Common\functions.php 第 52 行.

[ 2014-05-07T22:06:20+08:00 ] 0.0.0.0 /huileme/__URL__/notice/check_message
INFO: [ app_begin ] --START--
INFO: ReadHtmlCache Behavior ::run [ RunTime:0.002000s ]
INFO: [ app_begin ] --END-- [ RunTime:0.002000s ]
NOTIC: [8] Undefined variable: group C:\xampp\htdocs\huileme\ThinkPHP\Lib\Core\App.class.php 第 95 行.
ERR: 无法加载模块:_URL__
NOTIC: [2] include(): Filename cannot be empty C:\xampp\htdocs\huileme\ThinkPHP\Common\functions.php 第 52 行.
NOTIC: [2] include(): Failed opening '' for inclusion (include_path='.;C:\xampp\php\PEAR;C:\xampp\htdocs\huileme\ThinkPHP/Extend/Vendor/') C:\xampp\htdocs\huileme\ThinkPHP\Common\functions.php 第 52 行.

[ 2014-05-07T22:06:50+08:00 ] 0.0.0.0 /huileme/__URL__/notice/check_message
INFO: [ app_begin ] --START--
INFO: ReadHtmlCache Behavior ::run [ RunTime:0.001000s ]
INFO: [ app_begin ] --END-- [ RunTime:0.001000s ]
NOTIC: [8] Undefined variable: group C:\xampp\htdocs\huileme\ThinkPHP\Lib\Core\App.class.php 第 95 行.
ERR: 无法加载模块:_URL__
NOTIC: [2] include(): Filename cannot be empty C:\xampp\htdocs\huileme\ThinkPHP\Common\functions.php 第 52 行.
NOTIC: [2] include(): Failed opening '' for inclusion (include_path='.;C:\xampp\php\PEAR;C:\xampp\htdocs\huileme\ThinkPHP/Extend/Vendor/') C:\xampp\htdocs\huileme\ThinkPHP\Common\functions.php 第 52 行.

[ 2014-05-07T22:07:20+08:00 ] 0.0.0.0 /huileme/__URL__/notice/check_message
INFO: [ app_begin ] --START--
INFO: ReadHtmlCache Behavior ::run [ RunTime:0.001000s ]
INFO: [ app_begin ] --END-- [ RunTime:0.001000s ]
NOTIC: [8] Undefined variable: group C:\xampp\htdocs\huileme\ThinkPHP\Lib\Core\App.class.php 第 95 行.
ERR: 无法加载模块:_URL__
NOTIC: [2] include(): Filename cannot be empty C:\xampp\htdocs\huileme\ThinkPHP\Common\functions.php 第 52 行.
NOTIC: [2] include(): Failed opening '' for inclusion (include_path='.;C:\xampp\php\PEAR;C:\xampp\htdocs\huileme\ThinkPHP/Extend/Vendor/') C:\xampp\htdocs\huileme\ThinkPHP\Common\functions.php 第 52 行.

[ 2014-05-07T22:07:50+08:00 ] 0.0.0.0 /huileme/__URL__/notice/check_message
INFO: [ app_begin ] --START--
INFO: ReadHtmlCache Behavior ::run [ RunTime:0.002000s ]
INFO: [ app_begin ] --END-- [ RunTime:0.002000s ]
NOTIC: [8] Undefined variable: group C:\xampp\htdocs\huileme\ThinkPHP\Lib\Core\App.class.php 第 95 行.
ERR: 无法加载模块:_URL__
NOTIC: [2] include(): Filename cannot be empty C:\xampp\htdocs\huileme\ThinkPHP\Common\functions.php 第 52 行.
NOTIC: [2] include(): Failed opening '' for inclusion (include_path='.;C:\xampp\php\PEAR;C:\xampp\htdocs\huileme\ThinkPHP/Extend/Vendor/') C:\xampp\htdocs\huileme\ThinkPHP\Common\functions.php 第 52 行.

[ 2014-05-07T22:08:20+08:00 ] 0.0.0.0 /huileme/__URL__/notice/check_message
INFO: [ app_begin ] --START--
INFO: ReadHtmlCache Behavior ::run [ RunTime:0.002000s ]
INFO: [ app_begin ] --END-- [ RunTime:0.002000s ]
NOTIC: [8] Undefined variable: group C:\xampp\htdocs\huileme\ThinkPHP\Lib\Core\App.class.php 第 95 行.
ERR: 无法加载模块:_URL__
NOTIC: [2] include(): Filename cannot be empty C:\xampp\htdocs\huileme\ThinkPHP\Common\functions.php 第 52 行.
NOTIC: [2] include(): Failed opening '' for inclusion (include_path='.;C:\xampp\php\PEAR;C:\xampp\htdocs\huileme\ThinkPHP/Extend/Vendor/') C:\xampp\htdocs\huileme\ThinkPHP\Common\functions.php 第 52 行.

[ 2014-05-07T22:08:32+08:00 ] 0.0.0.0 /huileme/__URL__/notice/check_message
INFO: [ app_begin ] --START--
INFO: ReadHtmlCache Behavior ::run [ RunTime:0.003000s ]
INFO: [ app_begin ] --END-- [ RunTime:0.003000s ]
NOTIC: [8] Undefined variable: group C:\xampp\htdocs\huileme\ThinkPHP\Lib\Core\App.class.php 第 95 行.
ERR: 无法加载模块:_URL__
NOTIC: [2] include(): Filename cannot be empty C:\xampp\htdocs\huileme\ThinkPHP\Common\functions.php 第 52 行.
NOTIC: [2] include(): Failed opening '' for inclusion (include_path='.;C:\xampp\php\PEAR;C:\xampp\htdocs\huileme\ThinkPHP/Extend/Vendor/') C:\xampp\htdocs\huileme\ThinkPHP\Common\functions.php 第 52 行.

[ 2014-05-07T22:09:02+08:00 ] 0.0.0.0 /huileme/__URL__/notice/check_message
INFO: [ app_begin ] --START--
INFO: ReadHtmlCache Behavior ::run [ RunTime:0.002000s ]
INFO: [ app_begin ] --END-- [ RunTime:0.002000s ]
NOTIC: [8] Undefined variable: group C:\xampp\htdocs\huileme\ThinkPHP\Lib\Core\App.class.php 第 95 行.
ERR: 无法加载模块:_URL__
NOTIC: [2] include(): Filename cannot be empty C:\xampp\htdocs\huileme\ThinkPHP\Common\functions.php 第 52 行.
NOTIC: [2] include(): Failed opening '' for inclusion (include_path='.;C:\xampp\php\PEAR;C:\xampp\htdocs\huileme\ThinkPHP/Extend/Vendor/') C:\xampp\htdocs\huileme\ThinkPHP\Common\functions.php 第 52 行.

[ 2014-05-07T22:09:10+08:00 ] 0.0.0.0 /huileme/__URL__/notice/check_message
INFO: [ app_begin ] --START--
INFO: ReadHtmlCache Behavior ::run [ RunTime:0.003001s ]
INFO: [ app_begin ] --END-- [ RunTime:0.003001s ]
NOTIC: [8] Undefined variable: group C:\xampp\htdocs\huileme\ThinkPHP\Lib\Core\App.class.php 第 95 行.
ERR: 无法加载模块:_URL__
NOTIC: [2] include(): Filename cannot be empty C:\xampp\htdocs\huileme\ThinkPHP\Common\functions.php 第 52 行.
NOTIC: [2] include(): Failed opening '' for inclusion (include_path='.;C:\xampp\php\PEAR;C:\xampp\htdocs\huileme\ThinkPHP/Extend/Vendor/') C:\xampp\htdocs\huileme\ThinkPHP\Common\functions.php 第 52 行.

[ 2014-05-07T22:09:40+08:00 ] 0.0.0.0 /huileme/__URL__/notice/check_message
INFO: [ app_begin ] --START--
INFO: ReadHtmlCache Behavior ::run [ RunTime:0.002000s ]
INFO: [ app_begin ] --END-- [ RunTime:0.003001s ]
NOTIC: [8] Undefined variable: group C:\xampp\htdocs\huileme\ThinkPHP\Lib\Core\App.class.php 第 95 行.
ERR: 无法加载模块:_URL__
NOTIC: [2] include(): Filename cannot be empty C:\xampp\htdocs\huileme\ThinkPHP\Common\functions.php 第 52 行.
NOTIC: [2] include(): Failed opening '' for inclusion (include_path='.;C:\xampp\php\PEAR;C:\xampp\htdocs\huileme\ThinkPHP/Extend/Vendor/') C:\xampp\htdocs\huileme\ThinkPHP\Common\functions.php 第 52 行.

[ 2014-05-07T22:10:10+08:00 ] 0.0.0.0 /huileme/__URL__/notice/check_message
INFO: [ app_begin ] --START--
INFO: ReadHtmlCache Behavior ::run [ RunTime:0.002000s ]
INFO: [ app_begin ] --END-- [ RunTime:0.002000s ]
NOTIC: [8] Undefined variable: group C:\xampp\htdocs\huileme\ThinkPHP\Lib\Core\App.class.php 第 95 行.
ERR: 无法加载模块:_URL__
NOTIC: [2] include(): Filename cannot be empty C:\xampp\htdocs\huileme\ThinkPHP\Common\functions.php 第 52 行.
NOTIC: [2] include(): Failed opening '' for inclusion (include_path='.;C:\xampp\php\PEAR;C:\xampp\htdocs\huileme\ThinkPHP/Extend/Vendor/') C:\xampp\htdocs\huileme\ThinkPHP\Common\functions.php 第 52 行.

[ 2014-05-07T22:10:40+08:00 ] 0.0.0.0 /huileme/__URL__/notice/check_message
INFO: [ app_begin ] --START--
INFO: ReadHtmlCache Behavior ::run [ RunTime:0.002000s ]
INFO: [ app_begin ] --END-- [ RunTime:0.002000s ]
NOTIC: [8] Undefined variable: group C:\xampp\htdocs\huileme\ThinkPHP\Lib\Core\App.class.php 第 95 行.
ERR: 无法加载模块:_URL__
NOTIC: [2] include(): Filename cannot be empty C:\xampp\htdocs\huileme\ThinkPHP\Common\functions.php 第 52 行.
NOTIC: [2] include(): Failed opening '' for inclusion (include_path='.;C:\xampp\php\PEAR;C:\xampp\htdocs\huileme\ThinkPHP/Extend/Vendor/') C:\xampp\htdocs\huileme\ThinkPHP\Common\functions.php 第 52 行.

[ 2014-05-07T22:11:10+08:00 ] 0.0.0.0 /huileme/__URL__/notice/check_message
INFO: [ app_begin ] --START--
INFO: ReadHtmlCache Behavior ::run [ RunTime:0.002000s ]
INFO: [ app_begin ] --END-- [ RunTime:0.002000s ]
NOTIC: [8] Undefined variable: group C:\xampp\htdocs\huileme\ThinkPHP\Lib\Core\App.class.php 第 95 行.
ERR: 无法加载模块:_URL__
NOTIC: [2] include(): Filename cannot be empty C:\xampp\htdocs\huileme\ThinkPHP\Common\functions.php 第 52 行.
NOTIC: [2] include(): Failed opening '' for inclusion (include_path='.;C:\xampp\php\PEAR;C:\xampp\htdocs\huileme\ThinkPHP/Extend/Vendor/') C:\xampp\htdocs\huileme\ThinkPHP\Common\functions.php 第 52 行.

[ 2014-05-07T22:11:40+08:00 ] 0.0.0.0 /huileme/__URL__/notice/check_message
INFO: [ app_begin ] --START--
INFO: ReadHtmlCache Behavior ::run [ RunTime:0.002001s ]
INFO: [ app_begin ] --END-- [ RunTime:0.002001s ]
NOTIC: [8] Undefined variable: group C:\xampp\htdocs\huileme\ThinkPHP\Lib\Core\App.class.php 第 95 行.
ERR: 无法加载模块:_URL__
NOTIC: [2] include(): Filename cannot be empty C:\xampp\htdocs\huileme\ThinkPHP\Common\functions.php 第 52 行.
NOTIC: [2] include(): Failed opening '' for inclusion (include_path='.;C:\xampp\php\PEAR;C:\xampp\htdocs\huileme\ThinkPHP/Extend/Vendor/') C:\xampp\htdocs\huileme\ThinkPHP\Common\functions.php 第 52 行.

[ 2014-05-07T22:12:10+08:00 ] 0.0.0.0 /huileme/__URL__/notice/check_message
INFO: [ app_begin ] --START--
INFO: ReadHtmlCache Behavior ::run [ RunTime:0.002000s ]
INFO: [ app_begin ] --END-- [ RunTime:0.002000s ]
NOTIC: [8] Undefined variable: group C:\xampp\htdocs\huileme\ThinkPHP\Lib\Core\App.class.php 第 95 行.
ERR: 无法加载模块:_URL__
NOTIC: [2] include(): Filename cannot be empty C:\xampp\htdocs\huileme\ThinkPHP\Common\functions.php 第 52 行.
NOTIC: [2] include(): Failed opening '' for inclusion (include_path='.;C:\xampp\php\PEAR;C:\xampp\htdocs\huileme\ThinkPHP/Extend/Vendor/') C:\xampp\htdocs\huileme\ThinkPHP\Common\functions.php 第 52 行.

[ 2014-05-07T22:12:40+08:00 ] 0.0.0.0 /huileme/__URL__/notice/check_message
INFO: [ app_begin ] --START--
INFO: ReadHtmlCache Behavior ::run [ RunTime:0.002000s ]
INFO: [ app_begin ] --END-- [ RunTime:0.002000s ]
NOTIC: [8] Undefined variable: group C:\xampp\htdocs\huileme\ThinkPHP\Lib\Core\App.class.php 第 95 行.
ERR: 无法加载模块:_URL__
NOTIC: [2] include(): Filename cannot be empty C:\xampp\htdocs\huileme\ThinkPHP\Common\functions.php 第 52 行.
NOTIC: [2] include(): Failed opening '' for inclusion (include_path='.;C:\xampp\php\PEAR;C:\xampp\htdocs\huileme\ThinkPHP/Extend/Vendor/') C:\xampp\htdocs\huileme\ThinkPHP\Common\functions.php 第 52 行.

[ 2014-05-07T22:13:10+08:00 ] 0.0.0.0 /huileme/__URL__/notice/check_message
INFO: [ app_begin ] --START--
INFO: ReadHtmlCache Behavior ::run [ RunTime:0.002000s ]
INFO: [ app_begin ] --END-- [ RunTime:0.002000s ]
NOTIC: [8] Undefined variable: group C:\xampp\htdocs\huileme\ThinkPHP\Lib\Core\App.class.php 第 95 行.
ERR: 无法加载模块:_URL__
NOTIC: [2] include(): Filename cannot be empty C:\xampp\htdocs\huileme\ThinkPHP\Common\functions.php 第 52 行.
NOTIC: [2] include(): Failed opening '' for inclusion (include_path='.;C:\xampp\php\PEAR;C:\xampp\htdocs\huileme\ThinkPHP/Extend/Vendor/') C:\xampp\htdocs\huileme\ThinkPHP\Common\functions.php 第 52 行.

[ 2014-05-07T22:13:40+08:00 ] 0.0.0.0 /huileme/__URL__/notice/check_message
INFO: [ app_begin ] --START--
INFO: ReadHtmlCache Behavior ::run [ RunTime:0.007000s ]
INFO: [ app_begin ] --END-- [ RunTime:0.007000s ]
NOTIC: [8] Undefined variable: group C:\xampp\htdocs\huileme\ThinkPHP\Lib\Core\App.class.php 第 95 行.
ERR: 无法加载模块:_URL__
NOTIC: [2] include(): Filename cannot be empty C:\xampp\htdocs\huileme\ThinkPHP\Common\functions.php 第 52 行.
NOTIC: [2] include(): Failed opening '' for inclusion (include_path='.;C:\xampp\php\PEAR;C:\xampp\htdocs\huileme\ThinkPHP/Extend/Vendor/') C:\xampp\htdocs\huileme\ThinkPHP\Common\functions.php 第 52 行.

[ 2014-05-07T22:14:10+08:00 ] 0.0.0.0 /huileme/__URL__/notice/check_message
INFO: [ app_begin ] --START--
INFO: ReadHtmlCache Behavior ::run [ RunTime:0.002000s ]
INFO: [ app_begin ] --END-- [ RunTime:0.002000s ]
NOTIC: [8] Undefined variable: group C:\xampp\htdocs\huileme\ThinkPHP\Lib\Core\App.class.php 第 95 行.
ERR: 无法加载模块:_URL__
NOTIC: [2] include(): Filename cannot be empty C:\xampp\htdocs\huileme\ThinkPHP\Common\functions.php 第 52 行.
NOTIC: [2] include(): Failed opening '' for inclusion (include_path='.;C:\xampp\php\PEAR;C:\xampp\htdocs\huileme\ThinkPHP/Extend/Vendor/') C:\xampp\htdocs\huileme\ThinkPHP\Common\functions.php 第 52 行.

[ 2014-05-07T22:14:40+08:00 ] 0.0.0.0 /huileme/__URL__/notice/check_message
INFO: [ app_begin ] --START--
INFO: ReadHtmlCache Behavior ::run [ RunTime:0.002000s ]
INFO: [ app_begin ] --END-- [ RunTime:0.003000s ]
NOTIC: [8] Undefined variable: group C:\xampp\htdocs\huileme\ThinkPHP\Lib\Core\App.class.php 第 95 行.
ERR: 无法加载模块:_URL__
NOTIC: [2] include(): Filename cannot be empty C:\xampp\htdocs\huileme\ThinkPHP\Common\functions.php 第 52 行.
NOTIC: [2] include(): Failed opening '' for inclusion (include_path='.;C:\xampp\php\PEAR;C:\xampp\htdocs\huileme\ThinkPHP/Extend/Vendor/') C:\xampp\htdocs\huileme\ThinkPHP\Common\functions.php 第 52 行.

[ 2014-05-07T22:15:10+08:00 ] 0.0.0.0 /huileme/__URL__/notice/check_message
INFO: [ app_begin ] --START--
INFO: ReadHtmlCache Behavior ::run [ RunTime:0.001000s ]
INFO: [ app_begin ] --END-- [ RunTime:0.002000s ]
NOTIC: [8] Undefined variable: group C:\xampp\htdocs\huileme\ThinkPHP\Lib\Core\App.class.php 第 95 行.
ERR: 无法加载模块:_URL__
NOTIC: [2] include(): Filename cannot be empty C:\xampp\htdocs\huileme\ThinkPHP\Common\functions.php 第 52 行.
NOTIC: [2] include(): Failed opening '' for inclusion (include_path='.;C:\xampp\php\PEAR;C:\xampp\htdocs\huileme\ThinkPHP/Extend/Vendor/') C:\xampp\htdocs\huileme\ThinkPHP\Common\functions.php 第 52 行.

[ 2014-05-07T22:15:40+08:00 ] 0.0.0.0 /huileme/__URL__/notice/check_message
INFO: [ app_begin ] --START--
INFO: ReadHtmlCache Behavior ::run [ RunTime:0.002000s ]
INFO: [ app_begin ] --END-- [ RunTime:0.002000s ]
NOTIC: [8] Undefined variable: group C:\xampp\htdocs\huileme\ThinkPHP\Lib\Core\App.class.php 第 95 行.
ERR: 无法加载模块:_URL__
NOTIC: [2] include(): Filename cannot be empty C:\xampp\htdocs\huileme\ThinkPHP\Common\functions.php 第 52 行.
NOTIC: [2] include(): Failed opening '' for inclusion (include_path='.;C:\xampp\php\PEAR;C:\xampp\htdocs\huileme\ThinkPHP/Extend/Vendor/') C:\xampp\htdocs\huileme\ThinkPHP\Common\functions.php 第 52 行.

[ 2014-05-07T22:16:10+08:00 ] 0.0.0.0 /huileme/__URL__/notice/check_message
INFO: [ app_begin ] --START--
INFO: ReadHtmlCache Behavior ::run [ RunTime:0.002000s ]
INFO: [ app_begin ] --END-- [ RunTime:0.002000s ]
NOTIC: [8] Undefined variable: group C:\xampp\htdocs\huileme\ThinkPHP\Lib\Core\App.class.php 第 95 行.
ERR: 无法加载模块:_URL__
NOTIC: [2] include(): Filename cannot be empty C:\xampp\htdocs\huileme\ThinkPHP\Common\functions.php 第 52 行.
NOTIC: [2] include(): Failed opening '' for inclusion (include_path='.;C:\xampp\php\PEAR;C:\xampp\htdocs\huileme\ThinkPHP/Extend/Vendor/') C:\xampp\htdocs\huileme\ThinkPHP\Common\functions.php 第 52 行.

[ 2014-05-07T22:16:40+08:00 ] 0.0.0.0 /huileme/__URL__/notice/check_message
INFO: [ app_begin ] --START--
INFO: ReadHtmlCache Behavior ::run [ RunTime:0.001000s ]
INFO: [ app_begin ] --END-- [ RunTime:0.003001s ]
NOTIC: [8] Undefined variable: group C:\xampp\htdocs\huileme\ThinkPHP\Lib\Core\App.class.php 第 95 行.
ERR: 无法加载模块:_URL__
NOTIC: [2] include(): Filename cannot be empty C:\xampp\htdocs\huileme\ThinkPHP\Common\functions.php 第 52 行.
NOTIC: [2] include(): Failed opening '' for inclusion (include_path='.;C:\xampp\php\PEAR;C:\xampp\htdocs\huileme\ThinkPHP/Extend/Vendor/') C:\xampp\htdocs\huileme\ThinkPHP\Common\functions.php 第 52 行.

[ 2014-05-07T22:17:10+08:00 ] 0.0.0.0 /huileme/__URL__/notice/check_message
INFO: [ app_begin ] --START--
INFO: ReadHtmlCache Behavior ::run [ RunTime:0.002000s ]
INFO: [ app_begin ] --END-- [ RunTime:0.002000s ]
NOTIC: [8] Undefined variable: group C:\xampp\htdocs\huileme\ThinkPHP\Lib\Core\App.class.php 第 95 行.
ERR: 无法加载模块:_URL__
NOTIC: [2] include(): Filename cannot be empty C:\xampp\htdocs\huileme\ThinkPHP\Common\functions.php 第 52 行.
NOTIC: [2] include(): Failed opening '' for inclusion (include_path='.;C:\xampp\php\PEAR;C:\xampp\htdocs\huileme\ThinkPHP/Extend/Vendor/') C:\xampp\htdocs\huileme\ThinkPHP\Common\functions.php 第 52 行.

[ 2014-05-07T22:17:40+08:00 ] 0.0.0.0 /huileme/__URL__/notice/check_message
INFO: [ app_begin ] --START--
INFO: ReadHtmlCache Behavior ::run [ RunTime:0.002000s ]
INFO: [ app_begin ] --END-- [ RunTime:0.002000s ]
NOTIC: [8] Undefined variable: group C:\xampp\htdocs\huileme\ThinkPHP\Lib\Core\App.class.php 第 95 行.
ERR: 无法加载模块:_URL__
NOTIC: [2] include(): Filename cannot be empty C:\xampp\htdocs\huileme\ThinkPHP\Common\functions.php 第 52 行.
NOTIC: [2] include(): Failed opening '' for inclusion (include_path='.;C:\xampp\php\PEAR;C:\xampp\htdocs\huileme\ThinkPHP/Extend/Vendor/') C:\xampp\htdocs\huileme\ThinkPHP\Common\functions.php 第 52 行.

[ 2014-05-07T22:18:10+08:00 ] 0.0.0.0 /huileme/__URL__/notice/check_message
INFO: [ app_begin ] --START--
INFO: ReadHtmlCache Behavior ::run [ RunTime:0.002000s ]
INFO: [ app_begin ] --END-- [ RunTime:0.003000s ]
NOTIC: [8] Undefined variable: group C:\xampp\htdocs\huileme\ThinkPHP\Lib\Core\App.class.php 第 95 行.
ERR: 无法加载模块:_URL__
NOTIC: [2] include(): Filename cannot be empty C:\xampp\htdocs\huileme\ThinkPHP\Common\functions.php 第 52 行.
NOTIC: [2] include(): Failed opening '' for inclusion (include_path='.;C:\xampp\php\PEAR;C:\xampp\htdocs\huileme\ThinkPHP/Extend/Vendor/') C:\xampp\htdocs\huileme\ThinkPHP\Common\functions.php 第 52 行.

[ 2014-05-07T22:18:40+08:00 ] 0.0.0.0 /huileme/__URL__/notice/check_message
INFO: [ app_begin ] --START--
INFO: ReadHtmlCache Behavior ::run [ RunTime:0.003001s ]
INFO: [ app_begin ] --END-- [ RunTime:0.003001s ]
NOTIC: [8] Undefined variable: group C:\xampp\htdocs\huileme\ThinkPHP\Lib\Core\App.class.php 第 95 行.
ERR: 无法加载模块:_URL__
NOTIC: [2] include(): Filename cannot be empty C:\xampp\htdocs\huileme\ThinkPHP\Common\functions.php 第 52 行.
NOTIC: [2] include(): Failed opening '' for inclusion (include_path='.;C:\xampp\php\PEAR;C:\xampp\htdocs\huileme\ThinkPHP/Extend/Vendor/') C:\xampp\htdocs\huileme\ThinkPHP\Common\functions.php 第 52 行.

[ 2014-05-07T22:19:10+08:00 ] 0.0.0.0 /huileme/__URL__/notice/check_message
INFO: [ app_begin ] --START--
INFO: ReadHtmlCache Behavior ::run [ RunTime:0.001000s ]
INFO: [ app_begin ] --END-- [ RunTime:0.001000s ]
NOTIC: [8] Undefined variable: group C:\xampp\htdocs\huileme\ThinkPHP\Lib\Core\App.class.php 第 95 行.
ERR: 无法加载模块:_URL__
NOTIC: [2] include(): Filename cannot be empty C:\xampp\htdocs\huileme\ThinkPHP\Common\functions.php 第 52 行.
NOTIC: [2] include(): Failed opening '' for inclusion (include_path='.;C:\xampp\php\PEAR;C:\xampp\htdocs\huileme\ThinkPHP/Extend/Vendor/') C:\xampp\htdocs\huileme\ThinkPHP\Common\functions.php 第 52 行.

[ 2014-05-07T22:19:40+08:00 ] 0.0.0.0 /huileme/__URL__/notice/check_message
INFO: [ app_begin ] --START--
INFO: ReadHtmlCache Behavior ::run [ RunTime:0.002000s ]
INFO: [ app_begin ] --END-- [ RunTime:0.002000s ]
NOTIC: [8] Undefined variable: group C:\xampp\htdocs\huileme\ThinkPHP\Lib\Core\App.class.php 第 95 行.
ERR: 无法加载模块:_URL__
NOTIC: [2] include(): Filename cannot be empty C:\xampp\htdocs\huileme\ThinkPHP\Common\functions.php 第 52 行.
NOTIC: [2] include(): Failed opening '' for inclusion (include_path='.;C:\xampp\php\PEAR;C:\xampp\htdocs\huileme\ThinkPHP/Extend/Vendor/') C:\xampp\htdocs\huileme\ThinkPHP\Common\functions.php 第 52 行.

[ 2014-05-07T22:20:10+08:00 ] 0.0.0.0 /huileme/__URL__/notice/check_message
INFO: [ app_begin ] --START--
INFO: ReadHtmlCache Behavior ::run [ RunTime:0.002000s ]
INFO: [ app_begin ] --END-- [ RunTime:0.002000s ]
NOTIC: [8] Undefined variable: group C:\xampp\htdocs\huileme\ThinkPHP\Lib\Core\App.class.php 第 95 行.
ERR: 无法加载模块:_URL__
NOTIC: [2] include(): Filename cannot be empty C:\xampp\htdocs\huileme\ThinkPHP\Common\functions.php 第 52 行.
NOTIC: [2] include(): Failed opening '' for inclusion (include_path='.;C:\xampp\php\PEAR;C:\xampp\htdocs\huileme\ThinkPHP/Extend/Vendor/') C:\xampp\htdocs\huileme\ThinkPHP\Common\functions.php 第 52 行.

[ 2014-05-07T22:20:40+08:00 ] 0.0.0.0 /huileme/__URL__/notice/check_message
INFO: [ app_begin ] --START--
INFO: ReadHtmlCache Behavior ::run [ RunTime:0.002000s ]
INFO: [ app_begin ] --END-- [ RunTime:0.002000s ]
NOTIC: [8] Undefined variable: group C:\xampp\htdocs\huileme\ThinkPHP\Lib\Core\App.class.php 第 95 行.
ERR: 无法加载模块:_URL__
NOTIC: [2] include(): Filename cannot be empty C:\xampp\htdocs\huileme\ThinkPHP\Common\functions.php 第 52 行.
NOTIC: [2] include(): Failed opening '' for inclusion (include_path='.;C:\xampp\php\PEAR;C:\xampp\htdocs\huileme\ThinkPHP/Extend/Vendor/') C:\xampp\htdocs\huileme\ThinkPHP\Common\functions.php 第 52 行.

[ 2014-05-07T22:21:10+08:00 ] 0.0.0.0 /huileme/__URL__/notice/check_message
INFO: [ app_begin ] --START--
INFO: ReadHtmlCache Behavior ::run [ RunTime:0.002000s ]
INFO: [ app_begin ] --END-- [ RunTime:0.002000s ]
NOTIC: [8] Undefined variable: group C:\xampp\htdocs\huileme\ThinkPHP\Lib\Core\App.class.php 第 95 行.
ERR: 无法加载模块:_URL__
NOTIC: [2] include(): Filename cannot be empty C:\xampp\htdocs\huileme\ThinkPHP\Common\functions.php 第 52 行.
NOTIC: [2] include(): Failed opening '' for inclusion (include_path='.;C:\xampp\php\PEAR;C:\xampp\htdocs\huileme\ThinkPHP/Extend/Vendor/') C:\xampp\htdocs\huileme\ThinkPHP\Common\functions.php 第 52 行.

[ 2014-05-07T22:21:40+08:00 ] 0.0.0.0 /huileme/__URL__/notice/check_message
INFO: [ app_begin ] --START--
INFO: ReadHtmlCache Behavior ::run [ RunTime:0.002000s ]
INFO: [ app_begin ] --END-- [ RunTime:0.002000s ]
NOTIC: [8] Undefined variable: group C:\xampp\htdocs\huileme\ThinkPHP\Lib\Core\App.class.php 第 95 行.
ERR: 无法加载模块:_URL__
NOTIC: [2] include(): Filename cannot be empty C:\xampp\htdocs\huileme\ThinkPHP\Common\functions.php 第 52 行.
NOTIC: [2] include(): Failed opening '' for inclusion (include_path='.;C:\xampp\php\PEAR;C:\xampp\htdocs\huileme\ThinkPHP/Extend/Vendor/') C:\xampp\htdocs\huileme\ThinkPHP\Common\functions.php 第 52 行.

[ 2014-05-07T22:22:10+08:00 ] 0.0.0.0 /huileme/__URL__/notice/check_message
INFO: [ app_begin ] --START--
INFO: ReadHtmlCache Behavior ::run [ RunTime:0.001000s ]
INFO: [ app_begin ] --END-- [ RunTime:0.001000s ]
NOTIC: [8] Undefined variable: group C:\xampp\htdocs\huileme\ThinkPHP\Lib\Core\App.class.php 第 95 行.
ERR: 无法加载模块:_URL__
NOTIC: [2] include(): Filename cannot be empty C:\xampp\htdocs\huileme\ThinkPHP\Common\functions.php 第 52 行.
NOTIC: [2] include(): Failed opening '' for inclusion (include_path='.;C:\xampp\php\PEAR;C:\xampp\htdocs\huileme\ThinkPHP/Extend/Vendor/') C:\xampp\htdocs\huileme\ThinkPHP\Common\functions.php 第 52 行.

[ 2014-05-07T22:22:40+08:00 ] 0.0.0.0 /huileme/__URL__/notice/check_message
INFO: [ app_begin ] --START--
INFO: ReadHtmlCache Behavior ::run [ RunTime:0.002000s ]
INFO: [ app_begin ] --END-- [ RunTime:0.003000s ]
NOTIC: [8] Undefined variable: group C:\xampp\htdocs\huileme\ThinkPHP\Lib\Core\App.class.php 第 95 行.
ERR: 无法加载模块:_URL__
NOTIC: [2] include(): Filename cannot be empty C:\xampp\htdocs\huileme\ThinkPHP\Common\functions.php 第 52 行.
NOTIC: [2] include(): Failed opening '' for inclusion (include_path='.;C:\xampp\php\PEAR;C:\xampp\htdocs\huileme\ThinkPHP/Extend/Vendor/') C:\xampp\htdocs\huileme\ThinkPHP\Common\functions.php 第 52 行.

[ 2014-05-07T22:23:10+08:00 ] 0.0.0.0 /huileme/__URL__/notice/check_message
INFO: [ app_begin ] --START--
INFO: ReadHtmlCache Behavior ::run [ RunTime:0.002000s ]
INFO: [ app_begin ] --END-- [ RunTime:0.002000s ]
NOTIC: [8] Undefined variable: group C:\xampp\htdocs\huileme\ThinkPHP\Lib\Core\App.class.php 第 95 行.
ERR: 无法加载模块:_URL__
NOTIC: [2] include(): Filename cannot be empty C:\xampp\htdocs\huileme\ThinkPHP\Common\functions.php 第 52 行.
NOTIC: [2] include(): Failed opening '' for inclusion (include_path='.;C:\xampp\php\PEAR;C:\xampp\htdocs\huileme\ThinkPHP/Extend/Vendor/') C:\xampp\htdocs\huileme\ThinkPHP\Common\functions.php 第 52 行.

[ 2014-05-07T22:23:40+08:00 ] 0.0.0.0 /huileme/__URL__/notice/check_message
INFO: [ app_begin ] --START--
INFO: ReadHtmlCache Behavior ::run [ RunTime:0.002000s ]
INFO: [ app_begin ] --END-- [ RunTime:0.003000s ]
NOTIC: [8] Undefined variable: group C:\xampp\htdocs\huileme\ThinkPHP\Lib\Core\App.class.php 第 95 行.
ERR: 无法加载模块:_URL__
NOTIC: [2] include(): Filename cannot be empty C:\xampp\htdocs\huileme\ThinkPHP\Common\functions.php 第 52 行.
NOTIC: [2] include(): Failed opening '' for inclusion (include_path='.;C:\xampp\php\PEAR;C:\xampp\htdocs\huileme\ThinkPHP/Extend/Vendor/') C:\xampp\htdocs\huileme\ThinkPHP\Common\functions.php 第 52 行.

[ 2014-05-07T22:24:10+08:00 ] 0.0.0.0 /huileme/__URL__/notice/check_message
INFO: [ app_begin ] --START--
INFO: ReadHtmlCache Behavior ::run [ RunTime:0.002000s ]
INFO: [ app_begin ] --END-- [ RunTime:0.002000s ]
NOTIC: [8] Undefined variable: group C:\xampp\htdocs\huileme\ThinkPHP\Lib\Core\App.class.php 第 95 行.
ERR: 无法加载模块:_URL__
NOTIC: [2] include(): Filename cannot be empty C:\xampp\htdocs\huileme\ThinkPHP\Common\functions.php 第 52 行.
NOTIC: [2] include(): Failed opening '' for inclusion (include_path='.;C:\xampp\php\PEAR;C:\xampp\htdocs\huileme\ThinkPHP/Extend/Vendor/') C:\xampp\htdocs\huileme\ThinkPHP\Common\functions.php 第 52 行.

[ 2014-05-07T22:24:40+08:00 ] 0.0.0.0 /huileme/__URL__/notice/check_message
INFO: [ app_begin ] --START--
INFO: ReadHtmlCache Behavior ::run [ RunTime:0.003000s ]
INFO: [ app_begin ] --END-- [ RunTime:0.003000s ]
NOTIC: [8] Undefined variable: group C:\xampp\htdocs\huileme\ThinkPHP\Lib\Core\App.class.php 第 95 行.
ERR: 无法加载模块:_URL__
NOTIC: [2] include(): Filename cannot be empty C:\xampp\htdocs\huileme\ThinkPHP\Common\functions.php 第 52 行.
NOTIC: [2] include(): Failed opening '' for inclusion (include_path='.;C:\xampp\php\PEAR;C:\xampp\htdocs\huileme\ThinkPHP/Extend/Vendor/') C:\xampp\htdocs\huileme\ThinkPHP\Common\functions.php 第 52 行.

[ 2014-05-07T22:25:10+08:00 ] 0.0.0.0 /huileme/__URL__/notice/check_message
INFO: [ app_begin ] --START--
INFO: ReadHtmlCache Behavior ::run [ RunTime:0.002000s ]
INFO: [ app_begin ] --END-- [ RunTime:0.003000s ]
NOTIC: [8] Undefined variable: group C:\xampp\htdocs\huileme\ThinkPHP\Lib\Core\App.class.php 第 95 行.
ERR: 无法加载模块:_URL__
NOTIC: [2] include(): Filename cannot be empty C:\xampp\htdocs\huileme\ThinkPHP\Common\functions.php 第 52 行.
NOTIC: [2] include(): Failed opening '' for inclusion (include_path='.;C:\xampp\php\PEAR;C:\xampp\htdocs\huileme\ThinkPHP/Extend/Vendor/') C:\xampp\htdocs\huileme\ThinkPHP\Common\functions.php 第 52 行.

[ 2014-05-07T22:25:40+08:00 ] 0.0.0.0 /huileme/__URL__/notice/check_message
INFO: [ app_begin ] --START--
INFO: ReadHtmlCache Behavior ::run [ RunTime:0.002000s ]
INFO: [ app_begin ] --END-- [ RunTime:0.002000s ]
NOTIC: [8] Undefined variable: group C:\xampp\htdocs\huileme\ThinkPHP\Lib\Core\App.class.php 第 95 行.
ERR: 无法加载模块:_URL__
NOTIC: [2] include(): Filename cannot be empty C:\xampp\htdocs\huileme\ThinkPHP\Common\functions.php 第 52 行.
NOTIC: [2] include(): Failed opening '' for inclusion (include_path='.;C:\xampp\php\PEAR;C:\xampp\htdocs\huileme\ThinkPHP/Extend/Vendor/') C:\xampp\htdocs\huileme\ThinkPHP\Common\functions.php 第 52 行.

[ 2014-05-07T22:26:10+08:00 ] 0.0.0.0 /huileme/__URL__/notice/check_message
INFO: [ app_begin ] --START--
INFO: ReadHtmlCache Behavior ::run [ RunTime:0.004000s ]
INFO: [ app_begin ] --END-- [ RunTime:0.005000s ]
NOTIC: [8] Undefined variable: group C:\xampp\htdocs\huileme\ThinkPHP\Lib\Core\App.class.php 第 95 行.
ERR: 无法加载模块:_URL__
NOTIC: [2] include(): Filename cannot be empty C:\xampp\htdocs\huileme\ThinkPHP\Common\functions.php 第 52 行.
NOTIC: [2] include(): Failed opening '' for inclusion (include_path='.;C:\xampp\php\PEAR;C:\xampp\htdocs\huileme\ThinkPHP/Extend/Vendor/') C:\xampp\htdocs\huileme\ThinkPHP\Common\functions.php 第 52 行.

[ 2014-05-07T22:26:40+08:00 ] 0.0.0.0 /huileme/__URL__/notice/check_message
INFO: [ app_begin ] --START--
INFO: ReadHtmlCache Behavior ::run [ RunTime:0.003000s ]
INFO: [ app_begin ] --END-- [ RunTime:0.003000s ]
NOTIC: [8] Undefined variable: group C:\xampp\htdocs\huileme\ThinkPHP\Lib\Core\App.class.php 第 95 行.
ERR: 无法加载模块:_URL__
NOTIC: [2] include(): Filename cannot be empty C:\xampp\htdocs\huileme\ThinkPHP\Common\functions.php 第 52 行.
NOTIC: [2] include(): Failed opening '' for inclusion (include_path='.;C:\xampp\php\PEAR;C:\xampp\htdocs\huileme\ThinkPHP/Extend/Vendor/') C:\xampp\htdocs\huileme\ThinkPHP\Common\functions.php 第 52 行.

[ 2014-05-07T22:27:10+08:00 ] 0.0.0.0 /huileme/__URL__/notice/check_message
INFO: [ app_begin ] --START--
INFO: ReadHtmlCache Behavior ::run [ RunTime:0.002000s ]
INFO: [ app_begin ] --END-- [ RunTime:0.002000s ]
NOTIC: [8] Undefined variable: group C:\xampp\htdocs\huileme\ThinkPHP\Lib\Core\App.class.php 第 95 行.
ERR: 无法加载模块:_URL__
NOTIC: [2] include(): Filename cannot be empty C:\xampp\htdocs\huileme\ThinkPHP\Common\functions.php 第 52 行.
NOTIC: [2] include(): Failed opening '' for inclusion (include_path='.;C:\xampp\php\PEAR;C:\xampp\htdocs\huileme\ThinkPHP/Extend/Vendor/') C:\xampp\htdocs\huileme\ThinkPHP\Common\functions.php 第 52 行.

[ 2014-05-07T22:27:40+08:00 ] 0.0.0.0 /huileme/__URL__/notice/check_message
INFO: [ app_begin ] --START--
INFO: ReadHtmlCache Behavior ::run [ RunTime:0.003001s ]
INFO: [ app_begin ] --END-- [ RunTime:0.003001s ]
NOTIC: [8] Undefined variable: group C:\xampp\htdocs\huileme\ThinkPHP\Lib\Core\App.class.php 第 95 行.
ERR: 无法加载模块:_URL__
NOTIC: [2] include(): Filename cannot be empty C:\xampp\htdocs\huileme\ThinkPHP\Common\functions.php 第 52 行.
NOTIC: [2] include(): Failed opening '' for inclusion (include_path='.;C:\xampp\php\PEAR;C:\xampp\htdocs\huileme\ThinkPHP/Extend/Vendor/') C:\xampp\htdocs\huileme\ThinkPHP\Common\functions.php 第 52 行.

[ 2014-05-07T22:28:10+08:00 ] 0.0.0.0 /huileme/__URL__/notice/check_message
INFO: [ app_begin ] --START--
INFO: ReadHtmlCache Behavior ::run [ RunTime:0.003000s ]
INFO: [ app_begin ] --END-- [ RunTime:0.005000s ]
NOTIC: [8] Undefined variable: group C:\xampp\htdocs\huileme\ThinkPHP\Lib\Core\App.class.php 第 95 行.
ERR: 无法加载模块:_URL__
NOTIC: [2] include(): Filename cannot be empty C:\xampp\htdocs\huileme\ThinkPHP\Common\functions.php 第 52 行.
NOTIC: [2] include(): Failed opening '' for inclusion (include_path='.;C:\xampp\php\PEAR;C:\xampp\htdocs\huileme\ThinkPHP/Extend/Vendor/') C:\xampp\htdocs\huileme\ThinkPHP\Common\functions.php 第 52 行.

[ 2014-05-07T22:28:40+08:00 ] 0.0.0.0 /huileme/__URL__/notice/check_message
INFO: [ app_begin ] --START--
INFO: ReadHtmlCache Behavior ::run [ RunTime:0.002000s ]
INFO: [ app_begin ] --END-- [ RunTime:0.002000s ]
NOTIC: [8] Undefined variable: group C:\xampp\htdocs\huileme\ThinkPHP\Lib\Core\App.class.php 第 95 行.
ERR: 无法加载模块:_URL__
NOTIC: [2] include(): Filename cannot be empty C:\xampp\htdocs\huileme\ThinkPHP\Common\functions.php 第 52 行.
NOTIC: [2] include(): Failed opening '' for inclusion (include_path='.;C:\xampp\php\PEAR;C:\xampp\htdocs\huileme\ThinkPHP/Extend/Vendor/') C:\xampp\htdocs\huileme\ThinkPHP\Common\functions.php 第 52 行.

[ 2014-05-07T22:29:10+08:00 ] 0.0.0.0 /huileme/__URL__/notice/check_message
INFO: [ app_begin ] --START--
INFO: ReadHtmlCache Behavior ::run [ RunTime:0.002000s ]
INFO: [ app_begin ] --END-- [ RunTime:0.002000s ]
NOTIC: [8] Undefined variable: group C:\xampp\htdocs\huileme\ThinkPHP\Lib\Core\App.class.php 第 95 行.
ERR: 无法加载模块:_URL__
NOTIC: [2] include(): Filename cannot be empty C:\xampp\htdocs\huileme\ThinkPHP\Common\functions.php 第 52 行.
NOTIC: [2] include(): Failed opening '' for inclusion (include_path='.;C:\xampp\php\PEAR;C:\xampp\htdocs\huileme\ThinkPHP/Extend/Vendor/') C:\xampp\htdocs\huileme\ThinkPHP\Common\functions.php 第 52 行.

[ 2014-05-07T22:29:40+08:00 ] 0.0.0.0 /huileme/__URL__/notice/check_message
INFO: [ app_begin ] --START--
INFO: ReadHtmlCache Behavior ::run [ RunTime:0.002000s ]
INFO: [ app_begin ] --END-- [ RunTime:0.002000s ]
NOTIC: [8] Undefined variable: group C:\xampp\htdocs\huileme\ThinkPHP\Lib\Core\App.class.php 第 95 行.
ERR: 无法加载模块:_URL__
NOTIC: [2] include(): Filename cannot be empty C:\xampp\htdocs\huileme\ThinkPHP\Common\functions.php 第 52 行.
NOTIC: [2] include(): Failed opening '' for inclusion (include_path='.;C:\xampp\php\PEAR;C:\xampp\htdocs\huileme\ThinkPHP/Extend/Vendor/') C:\xampp\htdocs\huileme\ThinkPHP\Common\functions.php 第 52 行.

